[[32m  OK  [0m] Started Show Plymouth Boot Screen.
[[32m  OK  [0m] Started Forward Password Requests to Plymouth Directory Watch.
[[32m  OK  [0m] Reached target Paths.
[[32m  OK  [0m] Reached target Basic System.
%G[[32m  OK  [0m] Found device /dev/disk/by-uuid/b90c20ec-c257-46d5-9540-4b7457e1cd3b.
         Starting File System Check on /dev/...c-c257-46d5-9540-4b7457e1cd3b...
[[32m  OK  [0m] Started File System Check on /dev/d...0ec-c257-46d5-9540-4b7457e1cd3b.
%G[[32m  OK  [0m] Started dracut initqueue hook.
         Mounting /sysroot...
[[32m  OK  [0m] Reached target Remote File Systems (Pre).
[[32m  OK  [0m] Reached target Remote File Systems.
[[32m  OK  [0m] Mounted /sysroot.
[[32m  OK  [0m] Reached target Initrd Root File System.
         Starting Reload Configuration from the Real Root...
[[32m  OK  [0m] Started Reload Configuration from the Real Root.
[[32m  OK  [0m] Reached target Initrd File Systems.
[[32m  OK  [0m] Reached target Initrd Default Target.
         Starting dracut pre-pivot and cleanup hook...
[[32m  OK  [0m] Started dracut pre-pivot and cleanup hook.
         Starting Cleaning Up and Shutting Down Daemons...
[[32m  OK  [0m] Stopped target Timers.
[[32m  OK  [0m] Stopped dracut pre-pivot and cleanup hook.
[[32m  OK  [0m] Stopped target Initrd Default Target.
[[32m  OK  [0m] Stopped target Basic System.
[[32m  OK  [0m] Stopped target Slices.
[[32m  OK  [0m] Stopped target System Initialization.
         Stopping udev Kernel Device Manager...
[[32m  OK  [0m] Stopped Apply Kernel Variables.
[[32m  OK  [0m] Stopped target Swap.
[[32m  OK  [0m] Stopped target Local File Systems.
[[32m  OK  [0m] Stopped target Paths.
[[32m  OK  [0m] Stopped target Sockets.
[[32m  OK  [0m] Stopped target Remote File Systems.
[[32m  OK  [0m] Stopped target Remote File Systems (Pre).
[[32m  OK  [0m] Stopped dracut initqueue hook.
[[32m  OK  [0m] Stopped udev Coldplug all Devices.
         Starting Plymouth switch root service...
[[32m  OK  [0m] Stopped udev Kernel Device Manager.
[[32m  OK  [0m] Started Cleaning Up and Shutting Down Daemons.
[[32m  OK  [0m] Stopped dracut pre-udev hook.
[[32m  OK  [0m] Stopped dracut cmdline hook.
[[32m  OK  [0m] Stopped Create Static Device Nodes in /dev.
[[32m  OK  [0m] Stopped Create list of required static device nodes for the current kernel.
[[32m  OK  [0m] Closed udev Control Socket.
[[32m  OK  [0m] Closed udev Kernel Socket.
         Starting Cleanup udevd DB...
[[32m  OK  [0m] Started Cleanup udevd DB.
[[32m  OK  [0m] Reached target Switch Root.
[[32m  OK  [0m] Started Plymouth switch root service.
         Starting Switch Root...

Welcome to [0;31mCentOS Linux 7 (Core)[0m!

[[32m  OK  [0m] Stopped Switch Root.
[[32m  OK  [0m] Stopped Journal Service.
         Starting Journal Service...
[[32m  OK  [0m] Listening on /dev/initctl Compatibility Named Pipe.
         Mounting Huge Pages File System...
         Starting Create list of required static device nodes for the current kernel...
[[32m  OK  [0m] Reached target Local Encrypted Volumes.
[[32m  OK  [0m] Created slice system-selinux\x2dpolicy\x2dmigrate\x2dlocal\x2dchanges.slice.
[[32m  OK  [0m] Stopped File System Check on Root Device.
         Mounting POSIX Message Queue File System...
[[32m  OK  [0m] Reached target Remote File Systems.
[[32m  OK  [0m] Set up automount Arbitrary Executable File Formats File System Automount Point.
[[32m  OK  [0m] Listening on udev Kernel Socket.
[[32m  OK  [0m] Stopped target Switch Root.
[[32m  OK  [0m] Stopped target Initrd Root File System.
[[32m  OK  [0m] Created slice User and Session Slice.
         Mounting Debug File System...
[[32m  OK  [0m] Listening on udev Control Socket.
[[32m  OK  [0m] Created slice system-getty.slice.
[[32m  OK  [0m] Reached target Slices.
         Starting Remount Root and Kernel File Systems...
[[32m  OK  [0m] Stopped target Initrd File Systems.
[[32m  OK  [0m] Listening on Delayed Shutdown Socket.
         Starting Apply Kernel Variables...
[[32m  OK  [0m] Started Forward Password Requests to Wall Directory Watch.
[[32m  OK  [0m] Reached target Paths.
         Starting Read and set NIS domainname from /etc/sysconfig/network...
[[32m  OK  [0m] Mounted Debug File System.
[[32m  OK  [0m] Mounted POSIX Message Queue File System.
[[32m  OK  [0m] Mounted Huge Pages File System.
[[32m  OK  [0m] Started Journal Service.
[[32m  OK  [0m] Started Create list of required static device nodes for the current kernel.
[[32m  OK  [0m] Started Remount Root and Kernel File Systems.
         Starting Configure read-only root support...
         Starting Rebuild Hardware Database...
         Starting Create Static Device Nodes in /dev...
         Starting Flush Journal to Persistent Storage...
[[32m  OK  [0m] Started Apply Kernel Variables.
[[32m  OK  [0m] Started Read and set NIS domainname from /etc/sysconfig/network.
[[32m  OK  [0m] Started Flush Journal to Persistent Storage.
[[32m  OK  [0m] Started Create Static Device Nodes in /dev.
         Starting udev Kernel Device Manager...
[[32m  OK  [0m] Reached target Local File Systems (Pre).
[[32m  OK  [0m] Started Configure read-only root support.
         Starting Load/Save Random Seed...
[[32m  OK  [0m] Started Load/Save Random Seed.
[[32m  OK  [0m] Started udev Kernel Device Manager.
[[32m  OK  [0m] Started Rebuild Hardware Database.
         Starting udev Coldplug all Devices...
[[32m  OK  [0m] Started udev Coldplug all Devices.
[[32m  OK  [0m] Found device /dev/disk/by-uuid/b02d46fd-93b0-4a83-9c2f-73b58f6ca9fe.
         Activating swap /dev/disk/by-uuid/b02d46fd-93b0-4a83-9c2f-73b58f6ca9fe...
[[32m  OK  [0m] Found device /dev/disk/by-uuid/8ed9c3ef-9dcb-44ea-88f2-54f92807ad7b.
         Mounting /boot...
[[32m  OK  [0m] Activated swap /dev/disk/by-uuid/b02d46fd-93b0-4a83-9c2f-73b58f6ca9fe.
[[32m  OK  [0m] Reached target Swap.
%G%G[[32m  OK  [0m] Mounted /boot.
[[32m  OK  [0m] Reached target Local File Systems.
         Starting Migrate local SELinux policy changes from the old store structure to the new structure...
         Starting Import network configuration from initramfs...
         Starting Tell Plymouth To Write Out Runtime Data...
         Starting Rebuild Journal Catalog...
[[32m  OK  [0m] Started Tell Plymouth To Write Out Runtime Data.
[[32m  OK  [0m] Started Rebuild Journal Catalog.
         Starting Update is Completed...
[[32m  OK  [0m] Started Update is Completed.
[[32m  OK  [0m] Started Migrate local SELinux policy changes from the old store structure to the new structure.
[[32m  OK  [0m] Started Import network configuration from initramfs.
         Starting Create Volatile Files and Directories...
[[32m  OK  [0m] Started Create Volatile Files and Directories.
         Starting Security Auditing Service...
[[32m  OK  [0m] Started Security Auditing Service.
         Starting Update UTMP about System Boot/Shutdown...
[[32m  OK  [0m] Started Update UTMP about System Boot/Shutdown.
[[32m  OK  [0m] Reached target System Initialization.
[[32m  OK  [0m] Listening on D-Bus System Message Bus Socket.
[[32m  OK  [0m] Reached target Sockets.
[[32m  OK  [0m] Reached target Basic System.
[[32m  OK  [0m] Started D-Bus System Message Bus.
[[32m  OK  [0m] Started irqbalance daemon.
         Starting OpenSSH Server Key Generation...
         Starting Authorization Manager...
         Starting Permit User Sessions...
         Starting NTP client/server...
         Starting Dump dmesg to /var/log/dmesg...
         Starting Login Service...
[[32m  OK  [0m] Started Daily Cleanup of Temporary Directories.
[[32m  OK  [0m] Reached target Timers.
[[32m  OK  [0m] Started Permit User Sessions.
[[32m  OK  [0m] Started Command Scheduler.
         Starting Terminate Plymouth Boot Screen...
         Starting Wait for Plymouth Boot Screen to Quit...
May 23 12:36:04 localhost NET[773]: /etc/sysconfig/network-scripts/ifup-post : updated /etc/resolv.conf
[[32m  OK  [0m] Started Show Plymouth Boot Screen.
[[32m  OK  [0m] Started Forward Password Requests to Plymouth Directory Watch.
[[32m  OK  [0m] Reached target Paths.
[[32m  OK  [0m] Reached target Basic System.
%G[[32m  OK  [0m] Found device /dev/disk/by-uuid/b90c20ec-c257-46d5-9540-4b7457e1cd3b.
         Starting File System Check on /dev/...c-c257-46d5-9540-4b7457e1cd3b...
[[32m  OK  [0m] Started File System Check on /dev/d...0ec-c257-46d5-9540-4b7457e1cd3b.
%G[[32m  OK  [0m] Started dracut initqueue hook.
         Mounting /sysroot...
[[32m  OK  [0m] Reached target Remote File Systems (Pre).
[[32m  OK  [0m] Reached target Remote File Systems.
[[32m  OK  [0m] Mounted /sysroot.
[[32m  OK  [0m] Reached target Initrd Root File System.
         Starting Reload Configuration from the Real Root...
[[32m  OK  [0m] Started Reload Configuration from the Real Root.
[[32m  OK  [0m] Reached target Initrd File Systems.
[[32m  OK  [0m] Reached target Initrd Default Target.
         Starting dracut pre-pivot and cleanup hook...
[[32m  OK  [0m] Started dracut pre-pivot and cleanup hook.
         Starting Cleaning Up and Shutting Down Daemons...
[[32m  OK  [0m] Stopped dracut pre-pivot and cleanup hook.
[[32m  OK  [0m] Stopped target Remote File Systems.
[[32m  OK  [0m] Stopped target Remote File Systems (Pre).
[[32m  OK  [0m] Stopped target Timers.
[[32m  OK  [0m] Stopped target Initrd Default Target.
[[32m  OK  [0m] Stopped target Basic System.
[[32m  OK  [0m] Stopped dracut initqueue hook.
[[32m  OK  [0m] Stopped target Sockets.
[[32m  OK  [0m] Stopped target System Initialization.
[[32m  OK  [0m] Stopped target Swap.
         Stopping udev Kernel Device Manager...
[[32m  OK  [0m] Stopped udev Coldplug all Devices.
[[32m  OK  [0m] Stopped target Local File Systems.
[[32m  OK  [0m] Stopped Apply Kernel Variables.
         Starting Plymouth switch root service...
[[32m  OK  [0m] Stopped target Paths.
[[32m  OK  [0m] Stopped target Slices.
[[32m  OK  [0m] Stopped udev Kernel Device Manager.
[[32m  OK  [0m] Started Cleaning Up and Shutting Down Daemons.
[[32m  OK  [0m] Stopped Create Static Device Nodes in /dev.
[[32m  OK  [0m] Stopped Create list of required static device nodes for the current kernel.
[[32m  OK  [0m] Stopped dracut pre-udev hook.
[[32m  OK  [0m] Stopped dracut cmdline hook.
[[32m  OK  [0m] Closed udev Control Socket.
[[32m  OK  [0m] Closed udev Kernel Socket.
         Starting Cleanup udevd DB...
[[32m  OK  [0m] Started Cleanup udevd DB.
[[32m  OK  [0m] Reached target Switch Root.
[[32m  OK  [0m] Started Plymouth switch root service.
         Starting Switch Root...

Welcome to [0;31mCentOS Linux 7 (Core)[0m!

[[32m  OK  [0m] Stopped Switch Root.
[[32m  OK  [0m] Stopped Journal Service.
         Starting Journal Service...
[[32m  OK  [0m] Created slice User and Session Slice.
         Starting Read and set NIS domainname from /etc/sysconfig/network...
[[32m  OK  [0m] Listening on Delayed Shutdown Socket.
[[32m  OK  [0m] Listening on /dev/initctl Compatibility Named Pipe.
[[32m  OK  [0m] Stopped target Switch Root.
[[32m  OK  [0m] Stopped target Initrd Root File System.
         Mounting Huge Pages File System...
[[32m  OK  [0m] Set up automount Arbitrary Executable File Formats File System Automount Point.
[[32m  OK  [0m] Listening on udev Kernel Socket.
[[32m  OK  [0m] Reached target Local Encrypted Volumes.
[[32m  OK  [0m] Created slice system-selinux\x2dpolicy\x2dmigrate\x2dlocal\x2dchanges.slice.
[[32m  OK  [0m] Created slice system-getty.slice.
         Mounting Debug File System...
[[32m  OK  [0m] Stopped File System Check on Root Device.
[[32m  OK  [0m] Stopped target Initrd File Systems.
         Starting Create list of required static device nodes for the current kernel...
         Starting Apply Kernel Variables...
[[32m  OK  [0m] Reached target Slices.
         Mounting POSIX Message Queue File System...
[[32m  OK  [0m] Listening on udev Control Socket.
         Starting Remount Root and Kernel File Systems...
[[32m  OK  [0m] Reached target Remote File Systems.
[[32m  OK  [0m] Started Forward Password Requests to Wall Directory Watch.
[[32m  OK  [0m] Reached target Paths.
[[32m  OK  [0m] Mounted Debug File System.
[[32m  OK  [0m] Mounted Huge Pages File System.
[[32m  OK  [0m] Mounted POSIX Message Queue File System.
[[32m  OK  [0m] Started Journal Service.
[[32m  OK  [0m] Started Read and set NIS domainname from /etc/sysconfig/network.
[[32m  OK  [0m] Started Create list of required static device nodes for the current kernel.
[[32m  OK  [0m] Started Apply Kernel Variables.
[[32m  OK  [0m] Started Remount Root and Kernel File Systems.
         Starting udev Coldplug all Devices...
         Starting Configure read-only root support...
         Starting Create Static Device Nodes in /dev...
         Starting Flush Journal to Persistent Storage...
[[32m  OK  [0m] Started Flush Journal to Persistent Storage.
[[32m  OK  [0m] Started Create Static Device Nodes in /dev.
         Starting udev Kernel Device Manager...
[[32m  OK  [0m] Reached target Local File Systems (Pre).
[[32m  OK  [0m] Started Configure read-only root support.
         Starting Load/Save Random Seed...
[[32m  OK  [0m] Started Load/Save Random Seed.
[[32m  OK  [0m] Started udev Coldplug all Devices.
[[32m  OK  [0m] Started udev Kernel Device Manager.
[[32m  OK  [0m] Found device /dev/disk/by-uuid/b02d46fd-93b0-4a83-9c2f-73b58f6ca9fe.
         Activating swap /dev/disk/by-uuid/b02d46fd-93b0-4a83-9c2f-73b58f6ca9fe...
[[32m  OK  [0m] Found device /dev/disk/by-uuid/8ed9c3ef-9dcb-44ea-88f2-54f92807ad7b.
         Mounting /boot...
[[32m  OK  [0m] Activated swap /dev/disk/by-uuid/b02d46fd-93b0-4a83-9c2f-73b58f6ca9fe.
%G%G[[32m  OK  [0m] Reached target Swap.
[[32m  OK  [0m] Mounted /boot.
[[32m  OK  [0m] Reached target Local File Systems.
         Starting Import network configuration from initramfs...
         Starting Tell Plymouth To Write Out Runtime Data...
[[32m  OK  [0m] Started Tell Plymouth To Write Out Runtime Data.
[[32m  OK  [0m] Started Import network configuration from initramfs.
         Starting Create Volatile Files and Directories...
[[32m  OK  [0m] Started Create Volatile Files and Directories.
         Starting Security Auditing Service...
[[32m  OK  [0m] Started Security Auditing Service.
         Starting Update UTMP about System Boot/Shutdown...
[[32m  OK  [0m] Started Update UTMP about System Boot/Shutdown.
[[32m  OK  [0m] Reached target System Initialization.
[[32m  OK  [0m] Listening on D-Bus System Message Bus Socket.
[[32m  OK  [0m] Reached target Sockets.
[[32m  OK  [0m] Reached target Basic System.
[[32m  OK  [0m] Started irqbalance daemon.
         Starting Dump dmesg to /var/log/dmesg...
         Starting Permit User Sessions...
         Starting Authorization Manager...
         Starting NTP client/server...
         Starting Login Service...
[[32m  OK  [0m] Started D-Bus System Message Bus.
[[32m  OK  [0m] Started Daily Cleanup of Temporary Directories.
[[32m  OK  [0m] Reached target Timers.
[[32m  OK  [0m] Started Dump dmesg to /var/log/dmesg.
[[32m  OK  [0m] Started Permit User Sessions.
[[32m  OK  [0m] Started Login Service.
         Starting Terminate Plymouth Boot Screen...
[[32m  OK  [0m] Started Command Scheduler.
         Starting Wait for Plymouth Boot Screen to Quit...
May 23 12:38:55 localhost NET[735]: /etc/sysconfig/network-scripts/ifup-post : updated /etc/resolv.conf
[[32m  OK  [0m] Started Show Plymouth Boot Screen.
[[32m  OK  [0m] Started Forward Password Requests to Plymouth Directory Watch.
[[32m  OK  [0m] Reached target Paths.
[[32m  OK  [0m] Reached target Basic System.
%G%G[[32m  OK  [0m] Found device /dev/disk/by-uuid/b90c20ec-c257-46d5-9540-4b7457e1cd3b.
         Starting File System Check on /dev/disk/by-uuid/b90c20ec-c257-46d5-9540-4b7457e1cd3b...
[[32m  OK  [0m] Started File System Check on /dev/disk/by-uuid/b90c20ec-c257-46d5-9540-4b7457e1cd3b.
[[32m  OK  [0m] Started dracut initqueue hook.
         Mounting /sysroot...
[[32m  OK  [0m] Reached target Remote File Systems (Pre).
[[32m  OK  [0m] Reached target Remote File Systems.
[[32m  OK  [0m] Mounted /sysroot.
[[32m  OK  [0m] Reached target Initrd Root File System.
         Starting Reload Configuration from the Real Root...
[[32m  OK  [0m] Started Reload Configuration from the Real Root.
[[32m  OK  [0m] Reached target Initrd File Systems.
[[32m  OK  [0m] Reached target Initrd Default Target.
         Starting dracut pre-pivot and cleanup hook...
[[32m  OK  [0m] Started dracut pre-pivot and cleanup hook.
         Starting Cleaning Up and Shutting Down Daemons...
[[32m  OK  [0m] Stopped dracut pre-pivot and cleanup hook.
[[32m  OK  [0m] Stopped target Remote File Systems.
[[32m  OK  [0m] Stopped target Remote File Systems (Pre).
[[32m  OK  [0m] Stopped dracut initqueue hook.
[[32m  OK  [0m] Stopped target Timers.
[[32m  OK  [0m] Stopped target Initrd Default Target.
[[32m  OK  [0m] Stopped target Basic System.
[[32m  OK  [0m] Stopped target Slices.
[[32m  OK  [0m] Stopped target Paths.
[[32m  OK  [0m] Stopped target Sockets.
[[32m  OK  [0m] Stopped target System Initialization.
[[32m  OK  [0m] Stopped target Swap.
[[32m  OK  [0m] Stopped Apply Kernel Variables.
         Stopping udev Kernel Device Manager...
[[32m  OK  [0m] Stopped udev Coldplug all Devices.
[[32m  OK  [0m] Stopped target Local File Systems.
         Starting Plymouth switch root service...
[[32m  OK  [0m] Stopped udev Kernel Device Manager.
[[32m  OK  [0m] Started Cleaning Up and Shutting Down Daemons.
[[32m  OK  [0m] Stopped Create Static Device Nodes in /dev.
[[32m  OK  [0m] Stopped Create list of required static device nodes for the current kernel.
[[32m  OK  [0m] Stopped dracut pre-udev hook.
[[32m  OK  [0m] Stopped dracut cmdline hook.
[[32m  OK  [0m] Closed udev Kernel Socket.
[[32m  OK  [0m] Closed udev Control Socket.
         Starting Cleanup udevd DB...
[[32m  OK  [0m] Started Cleanup udevd DB.
[[32m  OK  [0m] Reached target Switch Root.
[[32m  OK  [0m] Started Plymouth switch root service.
         Starting Switch Root...

Welcome to [0;31mCentOS Linux 7 (Core)[0m!

[[32m  OK  [0m] Stopped Switch Root.
[[32m  OK  [0m] Stopped Journal Service.
         Starting Journal Service...
         Mounting Debug File System...
[[32m  OK  [0m] Created slice system-selinux\x2dpolicy\x2dmigrate\x2dlocal\x2dchanges.slice.
         Mounting Huge Pages File System...
         Starting Create list of required static device nodes for the current kernel...
[[32m  OK  [0m] Reached target Local Encrypted Volumes.
         Mounting POSIX Message Queue File System...
[[32m  OK  [0m] Stopped File System Check on Root Device.
[[32m  OK  [0m] Listening on udev Control Socket.
         Starting Read and set NIS domainname from /etc/sysconfig/network...
[[32m  OK  [0m] Listening on udev Kernel Socket.
[[32m  OK  [0m] Stopped target Switch Root.
[[32m  OK  [0m] Listening on /dev/initctl Compatibility Named Pipe.
[[32m  OK  [0m] Reached target Remote File Systems.
[[32m  OK  [0m] Listening on Delayed Shutdown Socket.
[[32m  OK  [0m] Started Forward Password Requests to Wall Directory Watch.
[[32m  OK  [0m] Reached target Paths.
[[32m  OK  [0m] Created slice User and Session Slice.
[[32m  OK  [0m] Reached target Slices.
[[32m  OK  [0m] Stopped target Initrd Root File System.
[[32m  OK  [0m] Set up automount Arbitrary Executable File Formats File System Automount Point.
         Starting Apply Kernel Variables...
         Starting Remount Root and Kernel File Systems...
[[32m  OK  [0m] Stopped target Initrd File Systems.
[[32m  OK  [0m] Created slice system-getty.slice.
[[32m  OK  [0m] Started Create list of required static device nodes for the current kernel.
[[32m  OK  [0m] Mounted Debug File System.
[[32m  OK  [0m] Mounted Huge Pages File System.
[[32m  OK  [0m] Mounted POSIX Message Queue File System.
[[32m  OK  [0m] Started Read and set NIS domainname from /etc/sysconfig/network.
[[32m  OK  [0m] Started Remount Root and Kernel File Systems.
[[32m  OK  [0m] Started Journal Service.
[[32m  OK  [0m] Started Apply Kernel Variables.
         Starting udev Coldplug all Devices...
         Starting Configure read-only root support...
         Starting Flush Journal to Persistent Storage...
         Starting Create Static Device Nodes in /dev...
[[32m  OK  [0m] Started Flush Journal to Persistent Storage.
[[32m  OK  [0m] Started Create Static Device Nodes in /dev.
         Starting udev Kernel Device Manager...
[[32m  OK  [0m] Reached target Local File Systems (Pre).
[[32m  OK  [0m] Started Configure read-only root support.
         Starting Load/Save Random Seed...
[[32m  OK  [0m] Started Load/Save Random Seed.
[[32m  OK  [0m] Started udev Coldplug all Devices.
[[32m  OK  [0m] Started udev Kernel Device Manager.
[[32m  OK  [0m] Found device /dev/disk/by-uuid/8ed9c3ef-9dcb-44ea-88f2-54f92807ad7b.
         Mounting /boot...
[[32m  OK  [0m] Found device /dev/disk/by-uuid/b02d46fd-93b0-4a83-9c2f-73b58f6ca9fe.
         Activating swap /dev/disk/by-uuid/b02d46fd-93b0-4a83-9c2f-73b58f6ca9fe...
[[32m  OK  [0m] Activated swap /dev/disk/by-uuid/b02d46fd-93b0-4a83-9c2f-73b58f6ca9fe.
[[32m  OK  [0m] Reached target Swap.
%G%G[[32m  OK  [0m] Mounted /boot.
[[32m  OK  [0m] Reached target Local File Systems.
         Starting Tell Plymouth To Write Out Runtime Data...
         Starting Import network configuration from initramfs...
[[32m  OK  [0m] Started Tell Plymouth To Write Out Runtime Data.
[[32m  OK  [0m] Started Import network configuration from initramfs.
         Starting Create Volatile Files and Directories...
[[32m  OK  [0m] Started Create Volatile Files and Directories.
         Starting Security Auditing Service...
[[32m  OK  [0m] Started Security Auditing Service.
         Starting Update UTMP about System Boot/Shutdown...
[[32m  OK  [0m] Started Update UTMP about System Boot/Shutdown.
[[32m  OK  [0m] Reached target System Initialization.
[[32m  OK  [0m] Started Daily Cleanup of Temporary Directories.
[[32m  OK  [0m] Reached target Timers.
[[32m  OK  [0m] Listening on D-Bus System Message Bus Socket.
[[32m  OK  [0m] Reached target Sockets.
[[32m  OK  [0m] Reached target Basic System.
         Starting Permit User Sessions...
[[32m  OK  [0m] Started D-Bus System Message Bus.
[[32m  OK  [0m] Started irqbalance daemon.
         Starting NTP client/server...
         Starting Login Service...
         Starting Dump dmesg to /var/log/dmesg...
         Starting Authorization Manager...
[[32m  OK  [0m] Started Permit User Sessions.
[[32m  OK  [0m] Started Command Scheduler.
         Starting Wait for Plymouth Boot Screen to Quit...
         Starting Terminate Plymouth Boot Screen...
