16:22:47,144 INFO blivet: ISCSID is /sbin/iscsid
16:22:47,145 INFO blivet: no initiator set
16:22:47,265 INFO blivet: No FCoE EDD info found: No FCoE boot disk information is found in EDD!
16:22:47,266 INFO blivet: no /etc/zfcp.conf; not configuring zfcp
16:22:50,677 DEBUG blivet:           Ext4FS.supported: supported: True ;
16:22:50,678 DEBUG blivet: getFormat('ext4') returning Ext4FS instance with object id 0
16:22:50,680 DEBUG blivet:        Ext4FS.supported: supported: True ;
16:22:50,680 DEBUG blivet: trying to set new default fstype to 'ext4'
16:22:50,682 DEBUG blivet:            Ext4FS.supported: supported: True ;
16:22:50,683 DEBUG blivet: getFormat('ext4') returning Ext4FS instance with object id 1
16:22:50,684 DEBUG blivet:         Ext4FS.supported: supported: True ;
16:22:50,698 DEBUG blivet: trying to set new default fstype to 'xfs'
16:22:50,700 DEBUG blivet:           XFS.supported: supported: True ;
16:22:50,798 DEBUG blivet: getFormat('xfs') returning XFS instance with object id 2
16:22:50,801 DEBUG blivet:         XFS.supported: supported: True ;
16:22:50,802 DEBUG blivet: trying to set new default /boot fstype to 'xfs'
16:22:50,804 DEBUG blivet:           XFS.supported: supported: True ;
16:22:50,804 DEBUG blivet: getFormat('xfs') returning XFS instance with object id 3
16:22:50,806 DEBUG blivet:         XFS.supported: supported: True ;
16:22:51,788 INFO blivet: Detected 3968 MiB of memory
16:22:51,813 INFO blivet: Suggested swap size (3968 MiB) exceeds 10 % of disk space, using 10 % of disk space (0.0) instead.
16:22:51,822 INFO blivet: Swap attempt of 0.0
16:22:51,861 INFO blivet: resetting Blivet (version 0.61.15.75) instance <blivet.Blivet object at 0x7f0c761f4410>
16:22:51,869 INFO blivet: no initiator set
16:22:51,871 INFO blivet: not going to create backup copy of non-existent /etc/mdadm.conf
16:22:51,871 INFO blivet: DeviceTree.populate: ignoredDisks is [] ; exclusiveDisks is []
16:22:52,093 DEBUG blivet: protected device spec LABEL=CentOS_7_x86_64 resolved to sr0
16:22:52,129 INFO blivet: devices to scan: [u'sr0', u'vda', u'loop0', u'loop1', u'loop2', u'live-rw', u'live-base']
16:22:52,141 DEBUG blivet:          DeviceTree.addUdevDevice: info: {u'DEVLINKS': u'/dev/cdrom /dev/disk/by-id/ata-QEMU_DVD-ROM_QM00003 /dev/disk/by-label/CentOS\\x207\\x20x86_64 /dev/disk/by-path/pci-0000:00:01.1-ata-2.0 /dev/disk/by-uuid/2020-04-22-00-51-40-00',
 u'DEVNAME': u'/dev/sr0',
 u'DEVPATH': u'/devices/pci0000:00/0000:00:01.1/ata2/host1/target1:0:0/1:0:0:0/block/sr0',
 u'DEVTYPE': u'disk',
 u'DM_MULTIPATH_TIMESTAMP': u'1590250959',
 u'ID_ATA': u'1',
 u'ID_BUS': u'ata',
 u'ID_CDROM': u'1',
 u'ID_CDROM_DVD': u'1',
 u'ID_CDROM_MEDIA': u'1',
 u'ID_CDROM_MEDIA_DVD': u'1',
 u'ID_CDROM_MEDIA_SESSION_COUNT': u'1',
 u'ID_CDROM_MEDIA_STATE': u'complete',
 u'ID_CDROM_MEDIA_TRACK_COUNT': u'1',
 u'ID_CDROM_MEDIA_TRACK_COUNT_DATA': u'1',
 u'ID_CDROM_MRW': u'1',
 u'ID_CDROM_MRW_W': u'1',
 u'ID_FOR_SEAT': u'block-pci-0000_00_01_1-ata-2_0',
 u'ID_FS_APPLICATION_ID': u'GENISOIMAGE\\x20ISO\\x209660\\x2fHFS\\x20FILESYSTEM\\x20CREATOR\\x20\\x28C\\x29\\x201993\\x20E.YOUNGDALE\\x20\\x28C\\x29\\x201997-2006\\x20J.PEARSON\\x2fJ.SCHILLING\\x20\\x28C\\x29\\x202006-2007\\x20CDRKIT\\x20TEAM',
 u'ID_FS_BOOT_SYSTEM_ID': u'EL\\x20TORITO\\x20SPECIFICATION',
 u'ID_FS_LABEL': u'CentOS_7_x86_64',
 u'ID_FS_LABEL_ENC': u'CentOS\\x207\\x20x86_64',
 u'ID_FS_SYSTEM_ID': u'LINUX',
 u'ID_FS_TYPE': u'iso9660',
 u'ID_FS_USAGE': u'filesystem',
 u'ID_FS_UUID': u'2020-04-22-00-51-40-00',
 u'ID_FS_UUID_ENC': u'2020-04-22-00-51-40-00',
 u'ID_FS_VERSION': u'Joliet Extension',
 u'ID_MODEL': u'QEMU_DVD-ROM',
 u'ID_MODEL_ENC': u'QEMU\\x20DVD-ROM\\x20\\x20\\x20\\x20\\x20\\x20\\x20\\x20\\x20\\x20\\x20\\x20\\x20\\x20\\x20\\x20\\x20\\x20\\x20\\x20\\x20\\x20\\x20\\x20\\x20\\x20\\x20\\x20',
 u'ID_PART_TABLE_TYPE': u'dos',
 u'ID_PATH': u'pci-0000:00:01.1-ata-2.0',
 u'ID_PATH_TAG': u'pci-0000_00_01_1-ata-2_0',
 u'ID_REVISION': u'2.5+',
 u'ID_SERIAL': u'QEMU_DVD-ROM_QM00003',
 u'ID_SERIAL_SHORT': u'QM00003',
 u'ID_TYPE': u'cd',
 u'MAJOR': u'11',
 u'MINOR': u'0',
 u'MPATH_SBIN_PATH': u'/sbin',
 u'SUBSYSTEM': u'block',
 u'TAGS': u':seat:systemd:uaccess:',
 u'USEC_INITIALIZED': u'625334'} ; name: sr0 ;
16:22:52,145 INFO blivet: scanning sr0 (/sys/devices/pci0000:00/0000:00:01.1/ata2/host1/target1:0:0/1:0:0:0/block/sr0)...
16:22:52,147 DEBUG blivet:           DeviceTree.getDeviceByName: hidden: False ; name: sr0 ; incomplete: False ;
16:22:52,149 DEBUG blivet:           DeviceTree.getDeviceByName returned None
16:22:52,150 INFO blivet: sr0 is a cdrom
16:22:52,153 DEBUG blivet:           DeviceTree.addUdevOpticalDevice:
16:22:52,156 DEBUG blivet: getFormat('None') returning DeviceFormat instance with object id 5
16:22:52,160 DEBUG blivet:               OpticalDevice._setFormat: sr0 ; current: None ; type: None ;
16:22:52,164 DEBUG blivet:                OpticalDevice.readCurrentSize: path: /dev/sr0 ; sysfsPath: /sys/devices/pci0000:00/0000:00:01.1/ata2/host1/target1:0:0/1:0:0:0/block/sr0 ; exists: True ;
16:22:52,175 DEBUG blivet: updated sr0 size to 1035 MiB (1035 MiB)
16:22:52,254 INFO blivet: added cdrom sr0 (id 4) to device tree
16:22:52,257 INFO blivet: got device: u'sr0'
16:22:52,262 DEBUG blivet:           DeviceTree.handleUdevDeviceFormat: name: sr0 ;
16:22:52,265 DEBUG blivet:            OpticalDevice.mediaPresent: sr0 ; status: True ;
16:22:52,813 INFO blivet: type detected on 'sr0' is 'iso9660'
16:22:52,814 DEBUG blivet:              Iso9660FS.supported: supported: True ;
16:22:52,814 DEBUG blivet: getFormat('iso9660') returning Iso9660FS instance with object id 7
16:22:52,817 DEBUG blivet:             OpticalDevice._setFormat: sr0 ; current: None ; type: iso9660 ;
16:22:52,817 INFO blivet: got format: existing iso9660 filesystem
16:22:52,829 DEBUG blivet:          DeviceTree.addUdevDevice: info: {u'DEVLINKS': u'/dev/disk/by-path/pci-0000:00:04.0 /dev/disk/by-path/virtio-pci-0000:00:04.0',
 u'DEVNAME': u'/dev/vda',
 u'DEVPATH': u'/devices/pci0000:00/0000:00:04.0/virtio0/block/vda',
 u'DEVTYPE': u'disk',
 u'DM_MULTIPATH_TIMESTAMP': u'1590250959',
 u'ID_PATH': u'pci-0000:00:04.0',
 u'ID_PATH_TAG': u'pci-0000_00_04_0',
 u'MAJOR': u'252',
 u'MINOR': u'0',
 u'MPATH_SBIN_PATH': u'/sbin',
 u'SUBSYSTEM': u'block',
 u'TAGS': u':systemd:',
 u'USEC_INITIALIZED': u'652797'} ; name: vda ;
16:22:52,832 INFO blivet: scanning vda (/sys/devices/pci0000:00/0000:00:04.0/virtio0/block/vda)...
16:22:52,833 DEBUG blivet:           DeviceTree.getDeviceByName: hidden: False ; name: vda ; incomplete: False ;
16:22:52,835 DEBUG blivet:           DeviceTree.getDeviceByName returned None
16:22:52,882 DEBUG blivet:           DeviceTree.addUdevDiskDevice: name: vda ;
16:22:52,883 WARN blivet: device/model is not a valid attribute
16:22:52,892 INFO blivet: vda is a disk
16:22:52,892 DEBUG blivet: getFormat('None') returning DeviceFormat instance with object id 10
16:22:52,894 DEBUG blivet:               DiskDevice._setFormat: vda ; current: None ; type: None ;
16:22:52,907 DEBUG blivet:                DiskDevice.readCurrentSize: path: /dev/vda ; sysfsPath: /sys/devices/pci0000:00/0000:00:04.0/virtio0/block/vda ; exists: True ;
16:22:52,909 DEBUG blivet: updated vda size to 3072 MiB (3072 MiB)
16:22:53,022 INFO blivet: added disk vda (id 9) to device tree
16:22:53,023 INFO blivet: got device: u'vda'
16:22:53,029 DEBUG blivet:           DeviceTree.handleUdevDeviceFormat: name: vda ;
16:22:53,055 DEBUG blivet:            DeviceTree.handleUdevDiskLabelFormat: device: vda ; label_type: None ;
16:22:53,056 DEBUG blivet: device vda does not contain a disklabel
16:22:53,057 DEBUG blivet: no type or existing type for vda, bailing
16:22:53,059 DEBUG blivet:          DeviceTree.addUdevDevice: info: {u'DEVNAME': u'/dev/loop0',
 u'DEVPATH': u'/devices/virtual/block/loop0',
 u'DEVTYPE': u'disk',
 u'DM_MULTIPATH_TIMESTAMP': u'1590250959',
 u'ID_FS_TYPE': u'squashfs',
 u'ID_FS_USAGE': u'filesystem',
 u'ID_FS_VERSION': u'1024.0',
 u'MAJOR': u'7',
 u'MINOR': u'0',
 u'MPATH_SBIN_PATH': u'/sbin',
 u'SUBSYSTEM': u'block',
 u'TAGS': u':systemd:',
 u'USEC_INITIALIZED': u'959333'} ; name: loop0 ;
16:22:53,063 INFO blivet: scanning loop0 (/sys/devices/virtual/block/loop0)...
16:22:53,065 DEBUG blivet:           DeviceTree.getDeviceByName: hidden: False ; name: loop0 ; incomplete: False ;
16:22:53,074 DEBUG blivet:           DeviceTree.getDeviceByName returned None
16:22:53,074 INFO blivet: loop0 is a loop device
16:22:53,076 DEBUG blivet:           DeviceTree.addUdevLoopDevice: name: loop0 ;
16:22:53,077 DEBUG blivet:            DeviceTree.getDeviceByName: hidden: False ; name: /run/install/repo/LiveOS/squashfs.img ; incomplete: False ;
16:22:53,081 DEBUG blivet:            DeviceTree.getDeviceByName returned None
16:22:53,082 DEBUG blivet: getFormat('None') returning DeviceFormat instance with object id 14
16:22:53,083 DEBUG blivet:               FileDevice._setFormat: /run/install/repo/LiveOS/squashfs.img ; current: None ; type: None ;
16:22:53,086 INFO blivet: added file /run/install/repo/LiveOS/squashfs.img (id 13) to device tree
16:22:53,093 DEBUG blivet:                  FileDevice.addChild: kids: 0 ; name: /run/install/repo/LiveOS/squashfs.img ;
16:22:53,094 DEBUG blivet: getFormat('None') returning DeviceFormat instance with object id 17
16:22:53,097 DEBUG blivet:               LoopDevice._setFormat: loop0 ; current: None ; type: None ;
16:22:53,098 INFO blivet: added loop loop0 (id 16) to device tree
16:22:53,100 INFO blivet: got device: u'loop0'
16:22:53,106 DEBUG blivet:           DeviceTree.handleUdevDeviceFormat: name: loop0 ;
16:22:53,143 DEBUG blivet:            DeviceTree.handleUdevDiskLabelFormat: device: loop0 ; label_type: None ;
16:22:53,144 DEBUG blivet: device loop0 does not contain a disklabel
16:22:53,147 INFO blivet: type detected on 'loop0' is 'squashfs'
16:22:53,149 DEBUG blivet: getFormat('squashfs') returning DeviceFormat instance with object id 19
16:22:53,152 DEBUG blivet:             LoopDevice._setFormat: loop0 ; current: None ; type: None ;
16:22:53,158 DEBUG blivet:          DeviceTree.addUdevDevice: info: {u'DEVLINKS': u'/dev/disk/by-label/Anaconda /dev/disk/by-uuid/9df7fe7c-ad11-4b9c-9abd-4ffacba7119f',
 u'DEVNAME': u'/dev/loop1',
 u'DEVPATH': u'/devices/virtual/block/loop1',
 u'DEVTYPE': u'disk',
 u'DM_MULTIPATH_TIMESTAMP': u'1590250959',
 u'ID_FS_LABEL': u'Anaconda',
 u'ID_FS_LABEL_ENC': u'Anaconda',
 u'ID_FS_TYPE': u'ext4',
 u'ID_FS_USAGE': u'filesystem',
 u'ID_FS_UUID': u'9df7fe7c-ad11-4b9c-9abd-4ffacba7119f',
 u'ID_FS_UUID_ENC': u'9df7fe7c-ad11-4b9c-9abd-4ffacba7119f',
 u'ID_FS_VERSION': u'1.0',
 u'MAJOR': u'7',
 u'MINOR': u'1',
 u'MPATH_SBIN_PATH': u'/sbin',
 u'SUBSYSTEM': u'block',
 u'TAGS': u':systemd:',
 u'USEC_INITIALIZED': u'963071'} ; name: loop1 ;
16:22:53,160 INFO blivet: scanning loop1 (/sys/devices/virtual/block/loop1)...
16:22:53,163 DEBUG blivet:           DeviceTree.getDeviceByName: hidden: False ; name: loop1 ; incomplete: False ;
16:22:53,173 DEBUG blivet:           DeviceTree.getDeviceByName returned None
16:22:53,178 INFO blivet: loop1 is a loop device
16:22:53,179 DEBUG blivet:           DeviceTree.addUdevLoopDevice: name: loop1 ;
16:22:53,181 DEBUG blivet:            DeviceTree.getDeviceByName: hidden: False ; name: /LiveOS/rootfs.img ; incomplete: False ;
16:22:53,183 DEBUG blivet:            DeviceTree.getDeviceByName returned None
16:22:53,185 DEBUG blivet: getFormat('None') returning DeviceFormat instance with object id 22
16:22:53,187 DEBUG blivet:               FileDevice._setFormat: /LiveOS/rootfs.img ; current: None ; type: None ;
16:22:53,189 INFO blivet: added file /LiveOS/rootfs.img (id 21) to device tree
16:22:53,192 DEBUG blivet:                  FileDevice.addChild: kids: 0 ; name: /LiveOS/rootfs.img ;
16:22:53,195 DEBUG blivet: getFormat('None') returning DeviceFormat instance with object id 25
16:22:53,198 DEBUG blivet:               LoopDevice._setFormat: loop1 ; current: None ; type: None ;
16:22:53,200 INFO blivet: added loop loop1 (id 24) to device tree
16:22:53,203 INFO blivet: got device: u'loop1'
16:22:53,204 DEBUG blivet:           DeviceTree.handleUdevDeviceFormat: name: loop1 ;
16:22:53,230 DEBUG blivet:            DeviceTree.handleUdevDiskLabelFormat: device: loop1 ; label_type: None ;
16:22:53,231 DEBUG blivet: device loop1 does not contain a disklabel
16:22:53,238 INFO blivet: type detected on 'loop1' is 'ext4'
16:22:53,484 WARN blivet: ext4 filesystem on /dev/loop1 needs repair
16:22:53,488 DEBUG blivet:               Ext4FS.supported: supported: True ;
16:22:53,491 DEBUG blivet: getFormat('ext4') returning Ext4FS instance with object id 27
16:22:53,492 DEBUG blivet:             LoopDevice._setFormat: loop1 ; current: None ; type: ext4 ;
16:22:53,495 INFO blivet: got format: existing ext4 filesystem
16:22:53,503 DEBUG blivet:          DeviceTree.addUdevDevice: info: {u'DEVNAME': u'/dev/loop2',
 u'DEVPATH': u'/devices/virtual/block/loop2',
 u'DEVTYPE': u'disk',
 u'DM_MULTIPATH_TIMESTAMP': u'1590250959',
 u'ID_FS_TYPE': u'DM_snapshot_cow',
 u'ID_FS_USAGE': u'other',
 u'MAJOR': u'7',
 u'MINOR': u'2',
 u'MPATH_SBIN_PATH': u'/sbin',
 u'SUBSYSTEM': u'block',
 u'TAGS': u':systemd:',
 u'USEC_INITIALIZED': u'964759'} ; name: loop2 ;
16:22:53,508 INFO blivet: scanning loop2 (/sys/devices/virtual/block/loop2)...
16:22:53,509 DEBUG blivet:           DeviceTree.getDeviceByName: hidden: False ; name: loop2 ; incomplete: False ;
16:22:53,513 DEBUG blivet:           DeviceTree.getDeviceByName returned None
16:22:53,520 INFO blivet: loop2 is a loop device
16:22:53,522 DEBUG blivet:           DeviceTree.addUdevLoopDevice: name: loop2 ;
16:22:53,523 DEBUG blivet:            DeviceTree.getDeviceByName: hidden: False ; name: /overlay (deleted) ; incomplete: False ;
16:22:53,526 DEBUG blivet:            DeviceTree.getDeviceByName returned None
16:22:53,530 DEBUG blivet: getFormat('None') returning DeviceFormat instance with object id 30
16:22:53,535 DEBUG blivet:               FileDevice._setFormat: /overlay (deleted) ; current: None ; type: None ;
16:22:53,536 INFO blivet: added file /overlay (deleted) (id 29) to device tree
16:22:53,539 DEBUG blivet:                  FileDevice.addChild: kids: 0 ; name: /overlay (deleted) ;
16:22:53,546 DEBUG blivet: getFormat('None') returning DeviceFormat instance with object id 33
16:22:53,548 DEBUG blivet:               LoopDevice._setFormat: loop2 ; current: None ; type: None ;
16:22:53,549 INFO blivet: added loop loop2 (id 32) to device tree
16:22:53,551 INFO blivet: got device: u'loop2'
16:22:53,555 DEBUG blivet:           DeviceTree.handleUdevDeviceFormat: name: loop2 ;
16:22:53,594 DEBUG blivet:            DeviceTree.handleUdevDiskLabelFormat: device: loop2 ; label_type: None ;
16:22:53,595 DEBUG blivet: device loop2 does not contain a disklabel
16:22:53,596 INFO blivet: type detected on 'loop2' is 'DM_snapshot_cow'
16:22:53,598 DEBUG blivet: getFormat('DM_snapshot_cow') returning DeviceFormat instance with object id 35
16:22:53,602 DEBUG blivet:             LoopDevice._setFormat: loop2 ; current: None ; type: None ;
16:22:53,610 DEBUG blivet:          DeviceTree.addUdevDevice: info: {u'DEVLINKS': u'/dev/disk/by-id/dm-name-live-rw /dev/disk/by-label/Anaconda /dev/disk/by-uuid/9df7fe7c-ad11-4b9c-9abd-4ffacba7119f /dev/mapper/live-rw',
 u'DEVNAME': u'/dev/dm-0',
 u'DEVPATH': u'/devices/virtual/block/dm-0',
 u'DEVTYPE': u'disk',
 u'DM_NAME': u'live-rw',
 u'DM_SUSPENDED': u'0',
 u'DM_UDEV_DISABLE_LIBRARY_FALLBACK_FLAG': u'1',
 u'DM_UDEV_PRIMARY_SOURCE_FLAG': u'1',
 u'DM_UDEV_RULES_VSN': u'2',
 u'ID_FS_LABEL': u'Anaconda',
 u'ID_FS_LABEL_ENC': u'Anaconda',
 u'ID_FS_TYPE': u'ext4',
 u'ID_FS_USAGE': u'filesystem',
 u'ID_FS_UUID': u'9df7fe7c-ad11-4b9c-9abd-4ffacba7119f',
 u'ID_FS_UUID_ENC': u'9df7fe7c-ad11-4b9c-9abd-4ffacba7119f',
 u'ID_FS_VERSION': u'1.0',
 u'MAJOR': u'253',
 u'MINOR': u'0',
 u'MPATH_SBIN_PATH': u'/sbin',
 u'SUBSYSTEM': u'block',
 u'TAGS': u':systemd:',
 u'USEC_INITIALIZED': u'8762'} ; name: live-rw ;
16:22:53,617 INFO blivet: scanning live-rw (/sys/devices/virtual/block/dm-0)...
16:22:53,619 DEBUG blivet:           DeviceTree.getDeviceByName: hidden: False ; name: live-rw ; incomplete: False ;
16:22:53,629 DEBUG blivet:           DeviceTree.getDeviceByName returned None
16:22:53,630 INFO blivet: live-rw is a device-mapper device
16:22:53,631 DEBUG blivet:           DeviceTree.addUdevDMDevice: name: live-rw ;
16:22:53,635 DEBUG blivet:            DeviceTree.getDeviceByName: hidden: False ; name: loop1 ; incomplete: False ;
16:22:53,639 DEBUG blivet:            DeviceTree.getDeviceByName returned loop1
16:22:53,644 DEBUG blivet:            DeviceTree.getDeviceByName: hidden: False ; name: loop2 ; incomplete: False ;
16:22:53,652 DEBUG blivet:            DeviceTree.getDeviceByName returned loop2
16:22:53,654 DEBUG blivet:            DeviceTree.getDeviceByName: hidden: False ; name: live-rw ; incomplete: False ;
16:22:53,659 DEBUG blivet:            DeviceTree.getDeviceByName returned None
16:22:53,665 DEBUG blivet:                  LoopDevice.addChild: kids: 0 ; name: loop2 ;
16:22:53,666 DEBUG blivet: getFormat('None') returning DeviceFormat instance with object id 38
16:22:53,673 DEBUG blivet:               DMDevice._setFormat: live-rw ; current: None ; type: None ;
16:22:53,676 DEBUG blivet:                DMDevice.readCurrentSize: path: /dev/mapper/live-rw ; sysfsPath: /sys/devices/virtual/block/dm-0 ; exists: True ;
16:22:53,680 DEBUG blivet: updated live-rw size to 2048 MiB (2048 MiB)
16:22:53,740 INFO blivet: added dm live-rw (id 37) to device tree
16:22:53,745 INFO blivet: got device: u'live-rw'
16:22:53,746 DEBUG blivet:           DeviceTree.handleUdevDeviceFormat: name: live-rw ;
16:22:53,772 DEBUG blivet:            DeviceTree.handleUdevDiskLabelFormat: device: live-rw ; label_type: None ;
16:22:53,773 DEBUG blivet: device live-rw does not contain a disklabel
16:22:53,774 INFO blivet: type detected on 'live-rw' is 'ext4'
16:22:53,863 DEBUG blivet: size=1626.5 MiB, current=2048 MiB
16:22:53,902 DEBUG blivet: padding min size from 1626.5 MiB up to 1790 MiB
16:22:53,942 DEBUG blivet:               Ext4FS.supported: supported: True ;
16:22:53,947 DEBUG blivet: getFormat('ext4') returning Ext4FS instance with object id 40
16:22:53,949 DEBUG blivet:             DMDevice._setFormat: live-rw ; current: None ; type: ext4 ;
16:22:53,953 INFO blivet: got format: existing ext4 filesystem
16:22:53,956 DEBUG blivet:          DeviceTree.addUdevDevice: info: {u'DEVLINKS': u'/dev/disk/by-id/dm-name-live-base /dev/disk/by-label/Anaconda /dev/disk/by-uuid/9df7fe7c-ad11-4b9c-9abd-4ffacba7119f /dev/mapper/live-base',
 u'DEVNAME': u'/dev/dm-1',
 u'DEVPATH': u'/devices/virtual/block/dm-1',
 u'DEVTYPE': u'disk',
 u'DM_NAME': u'live-base',
 u'DM_SUSPENDED': u'0',
 u'DM_UDEV_DISABLE_LIBRARY_FALLBACK_FLAG': u'1',
 u'DM_UDEV_PRIMARY_SOURCE_FLAG': u'1',
 u'DM_UDEV_RULES_VSN': u'2',
 u'ID_FS_LABEL': u'Anaconda',
 u'ID_FS_LABEL_ENC': u'Anaconda',
 u'ID_FS_TYPE': u'ext4',
 u'ID_FS_USAGE': u'filesystem',
 u'ID_FS_UUID': u'9df7fe7c-ad11-4b9c-9abd-4ffacba7119f',
 u'ID_FS_UUID_ENC': u'9df7fe7c-ad11-4b9c-9abd-4ffacba7119f',
 u'ID_FS_VERSION': u'1.0',
 u'MAJOR': u'253',
 u'MINOR': u'1',
 u'MPATH_SBIN_PATH': u'/sbin',
 u'SUBSYSTEM': u'block',
 u'TAGS': u':systemd:',
 u'USEC_INITIALIZED': u'23466'} ; name: live-base ;
16:22:53,959 INFO blivet: scanning live-base (/sys/devices/virtual/block/dm-1)...
16:22:53,961 DEBUG blivet:           DeviceTree.getDeviceByName: hidden: False ; name: live-base ; incomplete: False ;
16:22:53,964 DEBUG blivet:           DeviceTree.getDeviceByName returned None
16:22:53,966 INFO blivet: live-base is a device-mapper device
16:22:53,968 DEBUG blivet:           DeviceTree.addUdevDMDevice: name: live-base ;
16:22:53,974 DEBUG blivet:            DMDevice.getDMNode: live-rw ; status: True ;
16:22:53,976 DEBUG blivet:            DeviceTree.getDeviceByName: hidden: False ; name: loop1 ; incomplete: False ;
16:22:53,977 DEBUG blivet:            DeviceTree.getDeviceByName returned loop1
16:22:53,983 DEBUG blivet:            DeviceTree.getDeviceByName: hidden: False ; name: live-base ; incomplete: False ;
16:22:53,985 DEBUG blivet:            DeviceTree.getDeviceByName returned None
16:22:53,989 DEBUG blivet:                  LoopDevice.addChild: kids: 0 ; name: loop1 ;
16:22:53,993 DEBUG blivet: getFormat('None') returning DeviceFormat instance with object id 43
16:22:53,995 DEBUG blivet:               DMDevice._setFormat: live-base ; current: None ; type: None ;
16:22:53,998 DEBUG blivet:                DMDevice.readCurrentSize: path: /dev/mapper/live-base ; sysfsPath: /sys/devices/virtual/block/dm-1 ; exists: True ;
16:22:54,002 DEBUG blivet: updated live-base size to 2048 MiB (2048 MiB)
16:22:54,044 INFO blivet: added dm live-base (id 42) to device tree
16:22:54,045 INFO blivet: got device: u'live-base'
16:22:54,047 DEBUG blivet:           DeviceTree.handleUdevDeviceFormat: name: live-base ;
16:22:54,071 DEBUG blivet:            DeviceTree.handleUdevDiskLabelFormat: device: live-base ; label_type: None ;
16:22:54,074 DEBUG blivet: device live-base does not contain a disklabel
16:22:54,075 INFO blivet: type detected on 'live-base' is 'ext4'
16:22:54,183 WARN blivet: ext4 filesystem on /dev/mapper/live-base needs repair
16:22:54,185 DEBUG blivet:               Ext4FS.supported: supported: True ;
16:22:54,189 DEBUG blivet: getFormat('ext4') returning Ext4FS instance with object id 45
16:22:54,191 DEBUG blivet:             DMDevice._setFormat: live-base ; current: None ; type: ext4 ;
16:22:54,192 INFO blivet: got format: existing ext4 filesystem
16:22:54,230 DEBUG blivet:           DiskDevice.teardown: vda ; status: True ; controllable: True ;
16:22:54,235 DEBUG blivet:             DeviceFormat.teardown: device: /dev/vda ; status: False ; type: None ;
16:22:54,237 DEBUG blivet:             DeviceFormat.teardown: device: /dev/vda ; status: False ; type: None ;
16:22:54,264 INFO blivet: not going to restore from backup of non-existent /etc/mdadm.conf
16:22:54,265 INFO blivet: edd: collected mbr signatures: {}
16:22:54,266 DEBUG blivet: edd: data extracted from 0x80:
	type: SCSI, ata_device: None
	channel: 0, mbr_signature: None
	pci_dev: 00:04.0, scsi_id: 0
	scsi_lun: 0, sectors: 6291456
16:22:54,268 DEBUG blivet: edd: matched 0x80 to vda using pci_dev
16:22:54,275 DEBUG blivet:          DiskDevice.teardown: vda ; status: True ; controllable: True ;
16:22:54,279 DEBUG blivet:            DeviceFormat.teardown: device: /dev/vda ; status: False ; type: None ;
16:22:54,282 DEBUG blivet:            DeviceFormat.teardown: device: /dev/vda ; status: False ; type: None ;
16:22:54,409 DEBUG blivet:             Ext4FS.supported: supported: True ;
16:22:54,416 DEBUG blivet:             Ext4FS.supported: supported: True ;
16:22:54,423 DEBUG blivet:            Ext4FS.supported: supported: True ;
16:22:54,425 DEBUG blivet:            Iso9660FS.supported: supported: True ;
16:22:54,503 DEBUG blivet: /dev/sr0 is mounted on /run/install/repo
16:22:54,509 DEBUG blivet: /dev/sr0 is mounted on /run/install/repo
16:22:54,551 DEBUG blivet:          DeviceTree.getDeviceByPath: path: /dev/sr0 ; hidden: False ; incomplete: False ;
16:22:54,556 DEBUG blivet:          DeviceTree.getDeviceByPath returned existing 1035 MiB cdrom sr0 (4) with existing iso9660 filesystem
16:22:54,814 DEBUG blivet: /dev/sr0 is mounted on /run/install/repo
16:22:54,817 DEBUG blivet: /dev/sr0 is mounted on /run/install/repo
16:22:54,818 DEBUG blivet:          DeviceTree.getDeviceByPath: path: /dev/sr0 ; hidden: False ; incomplete: False ;
16:22:54,820 DEBUG blivet:          DeviceTree.getDeviceByPath returned existing 1035 MiB cdrom sr0 (4) with existing iso9660 filesystem
16:23:01,468 DEBUG blivet:        Iso9660FS.supported: supported: True ;
16:23:01,469 DEBUG blivet:       Iso9660FS.supported: supported: True ;
16:23:01,471 DEBUG blivet:        NFSv4.supported: supported: False ;
16:23:01,477 DEBUG blivet:       NFSv4.supported: supported: False ;
16:23:01,478 DEBUG blivet:         SELinuxFS.supported: supported: False ;
16:23:01,479 DEBUG blivet:       SELinuxFS.supported: supported: False ;
16:23:01,481 DEBUG blivet:         Ext4FS.supported: supported: True ;
16:23:01,483 DEBUG blivet:       Ext4FS.supported: supported: True ;
16:23:01,489 DEBUG blivet:         Ext3FS.supported: supported: True ;
16:23:01,490 DEBUG blivet:       Ext3FS.supported: supported: True ;
16:23:01,492 DEBUG blivet:         Ext2FS.supported: supported: True ;
16:23:01,493 DEBUG blivet:       Ext2FS.supported: supported: True ;
16:23:01,496 DEBUG blivet:         SysFS.supported: supported: False ;
16:23:01,498 DEBUG blivet:       SysFS.supported: supported: False ;
16:23:01,503 DEBUG blivet:       MultipathMember.__init__:
16:23:01,505 DEBUG blivet:       MDRaidMember.__init__:
16:23:01,506 DEBUG blivet:         ProcFS.supported: supported: False ;
16:23:01,507 DEBUG blivet:       ProcFS.supported: supported: False ;
16:23:01,509 DEBUG blivet:       SwapSpace.__init__:
16:23:01,514 DEBUG blivet:         NoDevFS.supported: supported: False ;
16:23:01,516 DEBUG blivet:       NoDevFS.supported: supported: False ;
16:23:01,518 DEBUG blivet:         DevPtsFS.supported: supported: False ;
16:23:01,521 DEBUG blivet:       DevPtsFS.supported: supported: False ;
16:23:01,523 DEBUG blivet:         BTRFS.supported: supported: True ;
16:23:01,817 DEBUG blivet:         USBFS.supported: supported: False ;
16:23:01,818 DEBUG blivet:       USBFS.supported: supported: False ;
16:23:01,821 DEBUG blivet:       DiskLabel.__init__:
16:23:01,823 INFO blivet: DiskLabel.partedDevice returning None
16:23:01,824 DEBUG blivet:        HFSPlus.supported: supported: False ;
16:23:01,826 DEBUG blivet:       HFSPlus.supported: supported: False ;
16:23:01,831 DEBUG blivet:        XFS.supported: supported: True ;
16:23:01,836 DEBUG blivet:       XFS.supported: supported: True ;
16:23:01,844 DEBUG blivet:          TmpFS.supported: supported: True ;
16:23:01,913 DEBUG blivet:       LUKS.__init__:
16:23:01,917 DEBUG blivet:        NTFS.supported: supported: False ;
16:23:01,924 DEBUG blivet:       NTFS.supported: supported: False ;
16:23:01,927 DEBUG blivet:         EFIVarFS.supported: supported: False ;
16:23:01,936 DEBUG blivet:       EFIVarFS.supported: supported: False ;
16:23:01,941 DEBUG blivet:        BindFS.supported: supported: False ;
16:23:01,946 DEBUG blivet:       BindFS.supported: supported: False ;
16:23:01,950 DEBUG blivet:        HFS.supported: supported: False ;
16:23:01,955 DEBUG blivet:       HFS.supported: supported: False ;
16:23:01,963 DEBUG blivet:       LVMPhysicalVolume.__init__:
16:23:01,969 DEBUG blivet:        NFS.supported: supported: False ;
16:23:01,974 DEBUG blivet:       NFS.supported: supported: False ;
16:23:01,981 DEBUG blivet:        FATFS.supported: supported: True ;
16:23:02,119 DEBUG blivet:       FATFS.supported: supported: True ;
16:23:02,121 DEBUG blivet:       DMRaidMember.__init__:
12:23:33,095 DEBUG blivet:      DeviceTree.getDeviceByName: hidden: True ; name: vda ; incomplete: False ;
12:23:33,097 DEBUG blivet:      DeviceTree.getDeviceByName returned vda
12:23:55,245 DEBUG blivet: starting Blivet copy
12:23:55,266 DEBUG blivet:        DeviceTree.getDevicesByInstance: hidden: False ; incomplete: False ; device_class: <class 'blivet.devices.partition.PartitionDevice'> ;
12:23:55,267 DEBUG blivet:        DeviceTree.getDevicesByInstance returned []
12:23:55,268 DEBUG blivet: finished Blivet copy
12:23:55,269 DEBUG blivet:       DeviceTree.getDevicesByInstance: hidden: False ; incomplete: False ; device_class: <class 'blivet.devices.partition.PartitionDevice'> ;
12:23:55,270 DEBUG blivet:       DeviceTree.getDevicesByInstance returned []
12:23:55,272 DEBUG blivet:      DeviceTree.getDeviceByName: hidden: True ; name: vda ; incomplete: False ;
12:23:55,273 DEBUG blivet:      DeviceTree.getDeviceByName returned vda
12:23:55,274 DEBUG blivet:       DeviceTree.getDependentDevices: dep: existing 3072 MiB disk vda (9) ; hidden: True ;
12:23:55,294 DEBUG blivet: checking if sr0 depends on vda
12:23:55,294 DEBUG blivet: checking if vda depends on vda
12:23:55,295 DEBUG blivet: checking if /run/install/repo/LiveOS/squashfs.img depends on vda
12:23:55,296 DEBUG blivet: checking if loop0 depends on vda
12:23:55,296 DEBUG blivet: checking if /LiveOS/rootfs.img depends on vda
12:23:55,297 DEBUG blivet: checking if loop1 depends on vda
12:23:55,298 DEBUG blivet: checking if /overlay (deleted) depends on vda
12:23:55,298 DEBUG blivet: checking if loop2 depends on vda
12:23:55,299 DEBUG blivet: checking if live-rw depends on vda
12:23:55,300 DEBUG blivet: checking if live-base depends on vda
12:23:55,301 INFO blivet: Detected 3968 MiB of memory
12:23:55,311 INFO blivet: Swap attempt of 3968 MiB
12:24:20,517 DEBUG blivet: starting Blivet copy
12:24:20,539 DEBUG blivet:        DeviceTree.getDevicesByInstance: hidden: False ; incomplete: False ; device_class: <class 'blivet.devices.partition.PartitionDevice'> ;
12:24:20,541 DEBUG blivet:        DeviceTree.getDevicesByInstance returned []
12:24:20,541 DEBUG blivet: finished Blivet copy
12:24:20,543 DEBUG blivet:      DeviceTree.getDeviceByName: hidden: True ; name: vda ; incomplete: False ;
12:24:20,544 DEBUG blivet:      DeviceTree.getDeviceByName returned vda
12:24:20,545 DEBUG blivet:       DeviceTree.getDependentDevices: dep: existing 3072 MiB disk vda (9) ; hidden: True ;
12:24:20,564 DEBUG blivet: checking if sr0 depends on vda
12:24:20,565 DEBUG blivet: checking if vda depends on vda
12:24:20,566 DEBUG blivet: checking if /run/install/repo/LiveOS/squashfs.img depends on vda
12:24:20,566 DEBUG blivet: checking if loop0 depends on vda
12:24:20,567 DEBUG blivet: checking if /LiveOS/rootfs.img depends on vda
12:24:20,568 DEBUG blivet: checking if loop1 depends on vda
12:24:20,568 DEBUG blivet: checking if /overlay (deleted) depends on vda
12:24:20,569 DEBUG blivet: checking if loop2 depends on vda
12:24:20,570 DEBUG blivet: checking if live-rw depends on vda
12:24:20,571 DEBUG blivet: checking if live-base depends on vda
12:24:20,572 INFO blivet: Detected 3968 MiB of memory
12:24:20,582 INFO blivet: Swap attempt of 3968 MiB
12:24:55,013 DEBUG blivet: starting Blivet copy
12:24:55,034 DEBUG blivet:        DeviceTree.getDevicesByInstance: hidden: False ; incomplete: False ; device_class: <class 'blivet.devices.partition.PartitionDevice'> ;
12:24:55,035 DEBUG blivet:        DeviceTree.getDevicesByInstance returned []
12:24:55,036 DEBUG blivet: finished Blivet copy
12:24:55,037 DEBUG blivet:      DeviceTree.getDeviceByName: hidden: True ; name: vda ; incomplete: False ;
12:24:55,038 DEBUG blivet:      DeviceTree.getDeviceByName returned vda
12:24:55,040 DEBUG blivet:       DeviceTree.getDependentDevices: dep: existing 3072 MiB disk vda (9) ; hidden: True ;
12:24:55,059 DEBUG blivet: checking if sr0 depends on vda
12:24:55,060 DEBUG blivet: checking if vda depends on vda
12:24:55,060 DEBUG blivet: checking if /run/install/repo/LiveOS/squashfs.img depends on vda
12:24:55,061 DEBUG blivet: checking if loop0 depends on vda
12:24:55,062 DEBUG blivet: checking if /LiveOS/rootfs.img depends on vda
12:24:55,062 DEBUG blivet: checking if loop1 depends on vda
12:24:55,063 DEBUG blivet: checking if /overlay (deleted) depends on vda
12:24:55,064 DEBUG blivet: checking if loop2 depends on vda
12:24:55,064 DEBUG blivet: checking if live-rw depends on vda
12:24:55,065 DEBUG blivet: checking if live-base depends on vda
12:24:55,067 INFO blivet: Detected 3968 MiB of memory
12:24:55,077 INFO blivet: Swap attempt of 3968 MiB
12:24:55,125 DEBUG blivet:          DeviceTree.getDependentDevices: dep: existing 3072 MiB disk vda (9) ; hidden: False ;
12:24:55,145 DEBUG blivet: dep is a leaf
12:24:55,169 DEBUG blivet:          DeviceTree.getDeviceByID: hidden: False ; id_num: 9 ; incomplete: False ;
12:24:55,170 DEBUG blivet:          DeviceTree.getDeviceByID returned existing 3072 MiB disk vda (9)
12:25:06,069 DEBUG blivet: starting Blivet copy
12:25:06,090 DEBUG blivet:        DeviceTree.getDevicesByInstance: hidden: False ; incomplete: False ; device_class: <class 'blivet.devices.partition.PartitionDevice'> ;
12:25:06,091 DEBUG blivet:        DeviceTree.getDevicesByInstance returned []
12:25:06,092 DEBUG blivet: finished Blivet copy
12:25:06,093 DEBUG blivet:      DeviceTree.getDeviceByName: hidden: True ; name: vda ; incomplete: False ;
12:25:06,095 DEBUG blivet:      DeviceTree.getDeviceByName returned vda
12:25:06,096 DEBUG blivet:       DeviceTree.getDependentDevices: dep: existing 3072 MiB disk vda (9) ; hidden: True ;
12:25:06,115 DEBUG blivet: checking if sr0 depends on vda
12:25:06,116 DEBUG blivet: checking if vda depends on vda
12:25:06,117 DEBUG blivet: checking if /run/install/repo/LiveOS/squashfs.img depends on vda
12:25:06,117 DEBUG blivet: checking if loop0 depends on vda
12:25:06,118 DEBUG blivet: checking if /LiveOS/rootfs.img depends on vda
12:25:06,119 DEBUG blivet: checking if loop1 depends on vda
12:25:06,119 DEBUG blivet: checking if /overlay (deleted) depends on vda
12:25:06,120 DEBUG blivet: checking if loop2 depends on vda
12:25:06,121 DEBUG blivet: checking if live-rw depends on vda
12:25:06,121 DEBUG blivet: checking if live-base depends on vda
12:25:06,123 DEBUG blivet:       DeviceTree.getDependentDevices: dep: existing 3072 MiB disk vda (9) ; hidden: False ;
12:25:06,142 DEBUG blivet: dep is a leaf
12:25:06,143 INFO blivet: Detected 3968 MiB of memory
12:25:06,153 INFO blivet: Swap attempt of 3968 MiB
12:25:06,201 DEBUG blivet:          DeviceTree.getDependentDevices: dep: existing 3072 MiB disk vda (9) ; hidden: False ;
12:25:06,220 DEBUG blivet: dep is a leaf
12:25:06,243 DEBUG blivet:          DeviceTree.getDeviceByID: hidden: False ; id_num: 9 ; incomplete: False ;
12:25:06,245 DEBUG blivet:          DeviceTree.getDeviceByID returned existing 3072 MiB disk vda (9)
12:25:25,237 DEBUG blivet:      DeviceTree.getDeviceByName: hidden: True ; name: vda ; incomplete: False ;
12:25:25,239 DEBUG blivet:      DeviceTree.getDeviceByName returned vda
12:25:25,240 DEBUG blivet:       DeviceTree.getDependentDevices: dep: existing 3072 MiB disk vda (9) ; hidden: True ;
12:25:25,259 DEBUG blivet: checking if sr0 depends on vda
12:25:25,260 DEBUG blivet: checking if vda depends on vda
12:25:25,261 DEBUG blivet: checking if /run/install/repo/LiveOS/squashfs.img depends on vda
12:25:25,262 DEBUG blivet: checking if loop0 depends on vda
12:25:25,262 DEBUG blivet: checking if /LiveOS/rootfs.img depends on vda
12:25:25,263 DEBUG blivet: checking if loop1 depends on vda
12:25:25,264 DEBUG blivet: checking if /overlay (deleted) depends on vda
12:25:25,264 DEBUG blivet: checking if loop2 depends on vda
12:25:25,265 DEBUG blivet: checking if live-rw depends on vda
12:25:25,266 DEBUG blivet: checking if live-base depends on vda
12:25:25,267 DEBUG blivet:       DeviceTree.getDependentDevices: dep: existing 3072 MiB disk vda (9) ; hidden: False ;
12:25:25,286 DEBUG blivet: dep is a leaf
12:25:25,288 INFO blivet: Detected 3968 MiB of memory
12:25:25,298 INFO blivet: Swap attempt of 3968 MiB
12:25:25,355 DEBUG blivet:           DeviceTree.getDevicesByInstance: hidden: False ; incomplete: False ; device_class: <class 'blivet.devices.partition.PartitionDevice'> ;
12:25:25,359 DEBUG blivet:           DeviceTree.getDevicesByInstance returned []
12:25:25,365 DEBUG blivet:           DeviceTree.getDependentDevices: dep: existing 3072 MiB disk vda (9) ; hidden: False ;
12:25:25,425 DEBUG blivet: dep is a leaf
12:25:25,425 DEBUG blivet: removing vda
12:25:25,427 DEBUG blivet:            DeviceTree.getDependentDevices: dep: existing 3072 MiB disk vda (9) ; hidden: False ;
12:25:25,446 DEBUG blivet: dep is a leaf
12:25:25,447 DEBUG blivet: getFormat('None') returning DeviceFormat instance with object id 205
12:25:25,449 DEBUG blivet:              DiskDevice._setFormat: vda ; current: None ; type: None ;
12:25:25,450 INFO blivet: registered action: [204] destroy format None on disk vda (id 9)
12:25:25,450 DEBUG blivet: clearpart: initializing vda
12:25:25,451 DEBUG blivet: getFormat('None') returning DeviceFormat instance with object id 207
12:25:25,453 DEBUG blivet:              DiskDevice._setFormat: vda ; current: None ; type: None ;
12:25:25,454 INFO blivet: registered action: [206] destroy format None on disk vda (id 9)
12:25:25,456 DEBUG blivet: default disklabel type for vda is msdos
12:25:25,457 DEBUG blivet: selecting msdos disklabel for vda based on size
12:25:25,458 DEBUG blivet:            DiskLabel.__init__: device: /dev/vda ; labelType: msdos ;
12:25:25,460 DEBUG blivet:               DiskLabel.freshPartedDisk: device: /dev/vda ; labelType: msdos ;
12:25:25,461 DEBUG blivet: Did not change pmbr_boot on parted.Disk instance --
  type: msdos  primaryPartitionCount: 0
  lastPartitionNumber: -1  maxPrimaryPartitionCount: 4
  partitions: []
  device: <parted.device.Device object at 0x7f0c62e48c10>
  PedDisk: <_ped.Disk object at 0x7f0c62e53290>
12:25:25,479 DEBUG blivet: getFormat('disklabel') returning DiskLabel instance with object id 208
12:25:25,482 DEBUG blivet:              DiskDevice._setFormat: vda ; current: None ; type: disklabel ;
12:25:25,483 INFO blivet: registered action: [209] create format msdos disklabel on disk vda (id 9)
12:25:25,486 DEBUG blivet:           DeviceTree.getDevicesByInstance: hidden: False ; incomplete: False ; device_class: <class 'blivet.devices.partition.PartitionDevice'> ;
12:25:25,488 DEBUG blivet:           DeviceTree.getDevicesByInstance returned []
12:25:25,494 DEBUG blivet:          DeviceTree.getDeviceByName: hidden: False ; name: vda ; incomplete: False ;
12:25:25,503 DEBUG blivet:          DeviceTree.getDeviceByName returned vda
12:25:25,504 DEBUG blivet: resolved 'vda' to 'vda' (disk)
12:25:25,509 DEBUG blivet:           DeviceTree.getDeviceByName: hidden: False ; name: vda ; incomplete: False ;
12:25:25,511 DEBUG blivet:           DeviceTree.getDeviceByName returned vda
12:25:25,511 DEBUG blivet: resolved 'vda' to 'vda' (disk)
12:25:25,513 DEBUG blivet:          DeviceTree.getDeviceByName: hidden: False ; name: vda ; incomplete: False ;
12:25:25,514 DEBUG blivet:          DeviceTree.getDeviceByName returned vda
12:25:25,515 DEBUG blivet: resolved 'vda' to 'vda' (disk)
12:25:25,526 DEBUG blivet: starting Blivet copy
12:25:25,549 DEBUG blivet:            DeviceTree.getDevicesByInstance: hidden: False ; incomplete: False ; device_class: <class 'blivet.devices.partition.PartitionDevice'> ;
12:25:25,551 DEBUG blivet:            DeviceTree.getDevicesByInstance returned []
12:25:25,551 DEBUG blivet: finished Blivet copy
12:25:25,554 DEBUG blivet:              DeviceTree.getDevicesByInstance: hidden: False ; incomplete: False ; device_class: <class 'blivet.devices.partition.PartitionDevice'> ;
12:25:25,556 DEBUG blivet:              DeviceTree.getDevicesByInstance returned []
12:25:25,567 DEBUG blivet:              DeviceTree.getDevicesByInstance: hidden: False ; incomplete: False ; device_class: <class 'blivet.devices.partition.PartitionDevice'> ;
12:25:25,569 DEBUG blivet:              DeviceTree.getDevicesByInstance returned []
12:25:48,363 DEBUG blivet: getFormat('appleboot') returning AppleBootstrapFS instance with object id 246
12:25:48,364 DEBUG blivet: getFormat('biosboot') returning BIOSBoot instance with object id 247
12:25:48,365 DEBUG blivet: getFormat('prepboot') returning PPCPRePBoot instance with object id 248
12:25:59,999 DEBUG storage.ui:          DeviceTree.getDevicesByInstance: hidden: False ; incomplete: False ; device_class: <class 'blivet.devices.partition.PartitionDevice'> ;
12:26:00,000 DEBUG storage.ui:          DeviceTree.getDevicesByInstance returned []
12:26:00,043 DEBUG storage.ui:           DeviceTree.getDeviceByName: hidden: False ; name: vda ; incomplete: False ;
12:26:00,044 DEBUG storage.ui:           DeviceTree.getDeviceByName returned vda
12:26:00,045 DEBUG storage.ui: resolved 'vda' to 'vda' (disk)
12:26:00,047 DEBUG storage.ui:           DeviceTree.getDeviceByName: hidden: False ; name: vda ; incomplete: False ;
12:26:00,048 DEBUG storage.ui:           DeviceTree.getDeviceByName returned vda
12:26:00,050 DEBUG storage.ui:          DeviceTree.getDeviceByName: hidden: False ; name: vda ; incomplete: False ;
12:26:00,052 DEBUG storage.ui:          DeviceTree.getDeviceByName returned vda
12:26:00,053 DEBUG storage.ui: resolved 'vda' to 'vda' (disk)
12:26:00,054 DEBUG storage.ui:         DeviceTree.getDeviceByName: hidden: False ; name: vda ; incomplete: False ;
12:26:00,056 DEBUG storage.ui:         DeviceTree.getDeviceByName returned vda
12:26:00,056 DEBUG storage.ui: resolved 'vda' to 'vda' (disk)
12:26:00,058 INFO storage.ui: Detected 3968 MiB of memory
12:26:00,069 INFO storage.ui: Suggested swap size (3968 MiB) exceeds 10 % of disk space, using 10 % of disk space (307.2 MiB) instead.
12:26:00,089 INFO storage.ui: Swap attempt of 307.2 MiB
12:26:00,099 DEBUG storage.ui: doAutoPart: True
12:26:00,099 DEBUG storage.ui: encryptedAutoPart: False
12:26:00,100 DEBUG storage.ui: autoPartType: 0
12:26:00,101 DEBUG storage.ui: clearPartType: 2
12:26:00,101 DEBUG storage.ui: clearPartDisks: [u'vda']
12:26:00,120 DEBUG storage.ui: autoPartitionRequests:
PartSpec instance (0x7f0c62ee31d0) -- 
  mountpoint = /  lv = True  thin = True  btrfs = True
  weight = 0  fstype = xfs  encrypted = True
  size = 1024 MiB  maxSize = 50 GiB  grow = True
PartSpec instance (0x7f0c62ee3250) -- 
  mountpoint = /home  lv = True  thin = True  btrfs = True
  weight = 0  fstype = xfs  encrypted = True
  size = 500 MiB  maxSize = None  grow = True
PartSpec instance (0x7f0c62ee32d0) -- 
  mountpoint = None  lv = False  thin = False  btrfs = False
  weight = 5000  fstype = biosboot  encrypted = False
  size = 1024 KiB  maxSize = None  grow = False
PartSpec instance (0x7f0c62ee3350) -- 
  mountpoint = /boot  lv = False  thin = False  btrfs = False
  weight = 2000  fstype = xfs  encrypted = False
  size = 1024 MiB  maxSize = None  grow = False
PartSpec instance (0x7f0c62ee33d0) -- 
  mountpoint = None  lv = True  thin = False  btrfs = False
  weight = 0  fstype = swap  encrypted = True
  size = 307.2 MiB  maxSize = None  grow = False

12:26:00,122 DEBUG storage.ui: storage.disks: [u'vda']
12:26:00,123 DEBUG storage.ui: storage.partitioned: [u'vda']
12:26:00,124 DEBUG storage.ui: all names: ['/LiveOS/rootfs.img', '/overlay (deleted)', '/run/install/repo/LiveOS/squashfs.img', u'live-base', u'live-rw', u'loop0', u'loop1', u'loop2', u'sr0', u'vda']
12:26:00,126 DEBUG storage.ui:          DeviceTree.getDeviceByName: hidden: False ; name: vda ; incomplete: False ;
12:26:00,127 DEBUG storage.ui:          DeviceTree.getDeviceByName returned vda
12:26:00,128 DEBUG storage.ui: resolved 'vda' to 'vda' (disk)
12:26:00,129 DEBUG storage.ui: boot disk: vda
12:26:00,130 DEBUG storage.ui: candidate disks: [DiskDevice instance (0x7f0c62f298d0) --
  name = vda  status = True  kids = 0 id = 9
  parents = []
  uuid = None  size = 3072 MiB
  format = non-existent msdos disklabel
  major = 252  minor = 0  exists = True  protected = False
  sysfs path = /sys/devices/pci0000:00/0000:00:04.0/virtio0/block/vda
  target size = 3072 MiB  path = /dev/vda
  format args = []  originalFormat = None  removable = False]
12:26:00,150 DEBUG storage.ui: devs: []
12:26:00,157 DEBUG storage.ui:            XFS.supported: supported: True ;
12:26:00,158 DEBUG storage.ui: getFormat('xfs') returning XFS instance with object id 249
12:26:00,160 DEBUG storage.ui:                DiskDevice.addChild: kids: 0 ; name: vda ;
12:26:00,162 DEBUG storage.ui:             PartitionDevice._setFormat: req0 ; current: None ; type: xfs ;
12:26:00,163 DEBUG storage.ui:               DiskDevice.removeChild: kids: 1 ; name: vda ;
12:26:00,164 INFO storage.ui: added partition req0 (id 250) to device tree
12:26:00,165 INFO storage.ui: registered action: [252] create device partition req0 (id 250)
12:26:00,166 DEBUG storage.ui: getFormat('None') returning DeviceFormat instance with object id 254
12:26:00,168 DEBUG storage.ui:             PartitionDevice._setFormat: req0 ; current: xfs ; type: xfs ;
12:26:00,168 INFO storage.ui: registered action: [253] create format xfs filesystem mounted at / on partition req0 (id 250)
12:26:00,170 DEBUG storage.ui:          DeviceTree.getDevicesByInstance: hidden: False ; incomplete: False ; device_class: <class 'blivet.devices.partition.PartitionDevice'> ;
12:26:00,172 DEBUG storage.ui:          DeviceTree.getDevicesByInstance returned ['req0']
12:26:00,173 INFO storage.ui: skipping unneeded stage1 biosboot request
12:26:00,174 DEBUG storage.ui: PartSpec instance (0x7f0c62ee32d0) -- 
  mountpoint = None  lv = False  thin = False  btrfs = False
  weight = 5000  fstype = biosboot  encrypted = False
  size = 1024 KiB  maxSize = None  grow = False

12:26:00,184 DEBUG storage.ui: existing 3072 MiB disk vda (9) with non-existent msdos disklabel
12:26:00,205 DEBUG storage.ui:            XFS.supported: supported: True ;
12:26:00,205 DEBUG storage.ui: getFormat('xfs') returning XFS instance with object id 255
12:26:00,207 DEBUG storage.ui:                DiskDevice.addChild: kids: 0 ; name: vda ;
12:26:00,209 DEBUG storage.ui:             PartitionDevice._setFormat: req1 ; current: None ; type: xfs ;
12:26:00,211 DEBUG storage.ui:               DiskDevice.removeChild: kids: 1 ; name: vda ;
12:26:00,211 INFO storage.ui: added partition req1 (id 256) to device tree
12:26:00,212 INFO storage.ui: registered action: [258] create device partition req1 (id 256)
12:26:00,213 DEBUG storage.ui: getFormat('None') returning DeviceFormat instance with object id 260
12:26:00,214 DEBUG storage.ui:             PartitionDevice._setFormat: req1 ; current: xfs ; type: xfs ;
12:26:00,215 INFO storage.ui: registered action: [259] create format xfs filesystem mounted at /boot on partition req1 (id 256)
12:26:00,217 DEBUG storage.ui:           SwapSpace.__init__: mountpoint: None ;
12:26:00,218 DEBUG storage.ui: getFormat('swap') returning SwapSpace instance with object id 261
12:26:00,219 DEBUG storage.ui:                DiskDevice.addChild: kids: 0 ; name: vda ;
12:26:00,221 DEBUG storage.ui:             PartitionDevice._setFormat: req2 ; current: None ; type: swap ;
12:26:00,223 DEBUG storage.ui:               DiskDevice.removeChild: kids: 1 ; name: vda ;
12:26:00,224 INFO storage.ui: added partition req2 (id 262) to device tree
12:26:00,224 INFO storage.ui: registered action: [264] create device partition req2 (id 262)
12:26:00,225 DEBUG storage.ui: getFormat('None') returning DeviceFormat instance with object id 266
12:26:00,226 DEBUG storage.ui:             PartitionDevice._setFormat: req2 ; current: swap ; type: swap ;
12:26:00,227 INFO storage.ui: registered action: [265] create format swap on partition req2 (id 262)
12:26:00,229 DEBUG storage.ui:         DiskDevice.setup: vda ; status: True ; controllable: True ; orig: False ;
12:26:00,230 DEBUG storage.ui:          DeviceTree.getDevicesByInstance: hidden: False ; incomplete: False ; device_class: <class 'blivet.devices.partition.PartitionDevice'> ;
12:26:00,232 DEBUG storage.ui:          DeviceTree.getDevicesByInstance returned ['req0', 'req1', 'req2']
12:26:00,233 DEBUG storage.ui:          DeviceTree.getDevicesByInstance: hidden: False ; incomplete: False ; device_class: <class 'blivet.devices.partition.PartitionDevice'> ;
12:26:00,235 DEBUG storage.ui:          DeviceTree.getDevicesByInstance returned ['req0', 'req1', 'req2']
12:26:00,236 DEBUG storage.ui: removing all non-preexisting partitions ['req0(id 250)', 'req1(id 256)', 'req2(id 262)'] from disk(s) [u'vda']
12:26:00,237 DEBUG storage.ui: allocatePartitions: disks=[u'vda'] ; partitions=['req0(id 250)', 'req1(id 256)', 'req2(id 262)']
12:26:00,238 DEBUG storage.ui:            DeviceTree.getDeviceByName: hidden: False ; name: vda ; incomplete: False ;
12:26:00,240 DEBUG storage.ui:            DeviceTree.getDeviceByName returned vda
12:26:00,241 DEBUG storage.ui: resolved 'vda' to 'vda' (disk)
12:26:00,242 DEBUG storage.ui: removing all non-preexisting partitions ['req1(id 256)', 'req2(id 262)', 'req0(id 250)'] from disk(s) [u'vda']
12:26:00,242 DEBUG storage.ui: allocating partition: req1 ; id: 256 ; disks: [u'vda'] ;
boot: True ; primary: False ; size: 1073741824 ; grow: False ; max_size: 0 B ; start: None ; end: None
12:26:00,244 DEBUG storage.ui: checking freespace on vda
12:26:00,245 DEBUG storage.ui: getBestFreeSpaceRegion: disk=/dev/vda part_type=0 req_size=1073741824 boot=True best=None grow=False start=None
12:26:00,246 DEBUG storage.ui: checking 63-6291455 (3071)
12:26:00,247 DEBUG storage.ui: current free range is 63-6291455 (3071)
12:26:00,247 DEBUG storage.ui: updating use_disk to vda, type: 0
12:26:00,248 DEBUG storage.ui: new free: 63-6291455 / 3071
12:26:00,249 DEBUG storage.ui: new free allows for 0 sectors of growth
12:26:00,250 DEBUG storage.ui: found free space for bootable request
12:26:00,251 DEBUG storage.ui: using alignment: parted.Alignment instance --
  offset: 0  grainSize: 2048
  PedAlignment: <_ped.Alignment object at 0x7f0c62f17790>
12:26:00,251 DEBUG storage.ui: adjusted start sector from 63 to 2048
12:26:00,253 DEBUG storage.ui: created partition vda1 of 1024 and added it to /dev/vda
12:26:00,254 DEBUG storage.ui:           PartitionDevice._setPartedPartition: req1 ;
12:26:00,255 DEBUG storage.ui: device req1 new partedPartition parted.Partition instance --
  disk: <parted.disk.Disk object at 0x7f0c62f29450>  fileSystem: None
  number: 1  path: /dev/vda1  type: 0
  name: None  active: True  busy: False
  geometry: <parted.geometry.Geometry object at 0x7f0c62eea9d0>  PedPartition: <_ped.Partition object at 0x7f0c62f2c710>
12:26:00,257 DEBUG storage.ui:           PartitionDevice._setDisk: vda1 ; new: vda ; old: None ;
12:26:00,258 DEBUG storage.ui:              DiskDevice.addChild: kids: 0 ; name: vda ;
12:26:00,260 DEBUG storage.ui:           PartitionDevice._setPartedPartition: vda1 ;
12:26:00,261 DEBUG storage.ui: device vda1 new partedPartition parted.Partition instance --
  disk: <parted.disk.Disk object at 0x7f0c62f29450>  fileSystem: None
  number: 1  path: /dev/vda1  type: 0
  name: None  active: True  busy: False
  geometry: <parted.geometry.Geometry object at 0x7f0c62eea8d0>  PedPartition: <_ped.Partition object at 0x7f0c62f2c770>
12:26:00,262 DEBUG storage.ui: allocating partition: req2 ; id: 262 ; disks: [u'vda'] ;
boot: False ; primary: False ; size: 322119321 ; grow: False ; max_size: 0 B ; start: None ; end: None
12:26:00,264 DEBUG storage.ui: checking freespace on vda
12:26:00,264 DEBUG storage.ui: size 307.2 MiB rounded up to 307.2 MiB for disk vda
12:26:00,283 DEBUG storage.ui: getBestFreeSpaceRegion: disk=/dev/vda part_type=0 req_size=322119680 boot=False best=None grow=False start=None
12:26:00,284 DEBUG storage.ui: checking 63-2047 (0)
12:26:00,285 DEBUG storage.ui: current free range is 63-2047 (0)
12:26:00,286 DEBUG storage.ui: checking 2099200-6291455 (2047)
12:26:00,287 DEBUG storage.ui: current free range is 2099200-6291455 (2047)
12:26:00,287 DEBUG storage.ui: updating use_disk to vda, type: 0
12:26:00,288 DEBUG storage.ui: new free: 2099200-6291455 / 2047
12:26:00,289 DEBUG storage.ui: new free allows for 0 sectors of growth
12:26:00,290 DEBUG storage.ui: using alignment: parted.Alignment instance --
  offset: 0  grainSize: 2048
  PedAlignment: <_ped.Alignment object at 0x7f0c62f17790>
12:26:00,291 DEBUG storage.ui: adjusted length from 629140 to 630784
12:26:00,292 DEBUG storage.ui: created partition vda2 of 308 and added it to /dev/vda
12:26:00,293 DEBUG storage.ui:           PartitionDevice._setPartedPartition: req2 ;
12:26:00,294 DEBUG storage.ui: device req2 new partedPartition parted.Partition instance --
  disk: <parted.disk.Disk object at 0x7f0c62f29450>  fileSystem: None
  number: 2  path: /dev/vda2  type: 0
  name: None  active: True  busy: False
  geometry: <parted.geometry.Geometry object at 0x7f0c62eeae50>  PedPartition: <_ped.Partition object at 0x7f0c62e60fb0>
12:26:00,296 DEBUG storage.ui:           PartitionDevice._setDisk: vda2 ; new: vda ; old: None ;
12:26:00,298 DEBUG storage.ui:              DiskDevice.addChild: kids: 1 ; name: vda ;
12:26:00,299 DEBUG storage.ui:           PartitionDevice._setPartedPartition: vda2 ;
12:26:00,300 DEBUG storage.ui: device vda2 new partedPartition parted.Partition instance --
  disk: <parted.disk.Disk object at 0x7f0c62f29450>  fileSystem: None
  number: 2  path: /dev/vda2  type: 0
  name: None  active: True  busy: False
  geometry: <parted.geometry.Geometry object at 0x7f0c62eeaf10>  PedPartition: <_ped.Partition object at 0x7f0c62e6c050>
12:26:00,301 DEBUG storage.ui: allocating partition: req0 ; id: 250 ; disks: [u'vda'] ;
boot: False ; primary: False ; size: 1073741824 ; grow: True ; max_size: 50 GiB ; start: None ; end: None
12:26:00,312 DEBUG storage.ui: checking freespace on vda
12:26:00,313 DEBUG storage.ui: getBestFreeSpaceRegion: disk=/dev/vda part_type=0 req_size=1073741824 boot=False best=None grow=True start=None
12:26:00,313 DEBUG storage.ui: checking 63-2047 (0)
12:26:00,314 DEBUG storage.ui: current free range is 63-2047 (0)
12:26:00,315 DEBUG storage.ui: checking 2729984-6291455 (1739)
12:26:00,316 DEBUG storage.ui: current free range is 2729984-6291455 (1739)
12:26:00,317 DEBUG storage.ui: evaluating growth potential for new layout
12:26:00,317 DEBUG storage.ui: calculating growth for disk /dev/vda
12:26:00,318 DEBUG storage.ui: using alignment: parted.Alignment instance --
  offset: 0  grainSize: 2048
  PedAlignment: <_ped.Alignment object at 0x7f0c62f17790>
12:26:00,320 DEBUG storage.ui:           PartitionDevice._setPartedPartition: req0 ;
12:26:00,321 DEBUG storage.ui: device req0 new partedPartition parted.Partition instance --
  disk: <parted.disk.Disk object at 0x7f0c62f29450>  fileSystem: None
  number: 3  path: /dev/vda3  type: 0
  name: None  active: True  busy: False
  geometry: <parted.geometry.Geometry object at 0x7f0c62e76490>  PedPartition: <_ped.Partition object at 0x7f0c62e6c1d0>
12:26:00,323 DEBUG storage.ui:           PartitionDevice._setDisk: vda3 ; new: vda ; old: None ;
12:26:00,324 DEBUG storage.ui:              DiskDevice.addChild: kids: 2 ; name: vda ;
12:26:00,326 DEBUG storage.ui: adding request 256 to chunk 6289408 (2048-6291455) on /dev/vda
12:26:00,327 DEBUG storage.ui: adding request 262 to chunk 6289408 (2048-6291455) on /dev/vda
12:26:00,327 DEBUG storage.ui: adding request 250 to chunk 6289408 (2048-6291455) on /dev/vda
12:26:00,328 DEBUG storage.ui: Chunk.growRequests: 6289408 on /dev/vda start = 2048  end = 6291455
sectorSize = 512 B

12:26:00,329 DEBUG storage.ui: req: PartitionRequest instance --
id = 256  name = vda1  growable = False
base = 2097152  growth = 0  max_grow = 0
done = True
12:26:00,330 DEBUG storage.ui: req: PartitionRequest instance --
id = 262  name = vda2  growable = False
base = 630784  growth = 0  max_grow = 0
done = True
12:26:00,331 DEBUG storage.ui: req: PartitionRequest instance --
id = 250  name = vda3  growable = True
base = 2097152  growth = 0  max_grow = 102760448
done = False
12:26:00,332 DEBUG storage.ui: 1 requests and 1464320 (749731840) left in chunk
12:26:00,333 DEBUG storage.ui: adding 1464320 (749731840) to 250 (vda3)
12:26:00,333 DEBUG storage.ui: new grow amount for request 250 (vda3) is 1464320 units, or 749731840
12:26:00,334 DEBUG storage.ui: request 256 (vda1) growth: 0 (0MB) size: 1073741824
12:26:00,335 DEBUG storage.ui: request 262 (vda2) growth: 0 (0MB) size: 322961408
12:26:00,336 DEBUG storage.ui: request 250 (vda3) growth: 1464320 (749731840MB) size: 1823473664
12:26:00,336 DEBUG storage.ui: disk /dev/vda growth: 1464320 (749731840)
12:26:00,338 DEBUG storage.ui:           PartitionDevice._setPartedPartition: vda3 ;
12:26:00,339 DEBUG storage.ui: device vda3 new partedPartition None
12:26:00,340 DEBUG storage.ui:           PartitionDevice._setDisk: req0 ; new: None ; old: vda ;
12:26:00,342 DEBUG storage.ui:                DiskDevice.removeChild: kids: 3 ; name: vda ;
12:26:00,343 DEBUG storage.ui: total growth: 1464320 sectors
12:26:00,343 DEBUG storage.ui: updating use_disk to vda, type: 0
12:26:00,344 DEBUG storage.ui: new free: 2729984-6291455 / 1739
12:26:00,345 DEBUG storage.ui: new free allows for 1464320 sectors of growth
12:26:00,346 DEBUG storage.ui: using alignment: parted.Alignment instance --
  offset: 0  grainSize: 2048
  PedAlignment: <_ped.Alignment object at 0x7f0c62f17790>
12:26:00,347 DEBUG storage.ui: created partition vda3 of 1024 and added it to /dev/vda
12:26:00,348 DEBUG storage.ui:           PartitionDevice._setPartedPartition: req0 ;
12:26:00,349 DEBUG storage.ui: device req0 new partedPartition parted.Partition instance --
  disk: <parted.disk.Disk object at 0x7f0c62f29450>  fileSystem: None
  number: 3  path: /dev/vda3  type: 0
  name: None  active: True  busy: False
  geometry: <parted.geometry.Geometry object at 0x7f0c62e76390>  PedPartition: <_ped.Partition object at 0x7f0c62e6c170>
12:26:00,351 DEBUG storage.ui:           PartitionDevice._setDisk: vda3 ; new: vda ; old: None ;
12:26:00,353 DEBUG storage.ui:              DiskDevice.addChild: kids: 2 ; name: vda ;
12:26:00,354 DEBUG storage.ui:           PartitionDevice._setPartedPartition: vda3 ;
12:26:00,355 DEBUG storage.ui: device vda3 new partedPartition parted.Partition instance --
  disk: <parted.disk.Disk object at 0x7f0c62f29450>  fileSystem: None
  number: 3  path: /dev/vda3  type: 0
  name: None  active: True  busy: False
  geometry: <parted.geometry.Geometry object at 0x7f0c62e76310>  PedPartition: <_ped.Partition object at 0x7f0c62e6c230>
12:26:00,356 DEBUG storage.ui: growPartitions: disks=[u'vda'], partitions=['vda3(id 250)', 'vda1(id 256)', 'vda2(id 262)']
12:26:00,357 DEBUG storage.ui: growable partitions are ['vda3']
12:26:00,358 DEBUG storage.ui: adding request 250 to chunk 6289408 (2048-6291455) on /dev/vda
12:26:00,359 DEBUG storage.ui: adding request 256 to chunk 6289408 (2048-6291455) on /dev/vda
12:26:00,360 DEBUG storage.ui: adding request 262 to chunk 6289408 (2048-6291455) on /dev/vda
12:26:00,360 DEBUG storage.ui: disk vda has 1 chunks
12:26:00,361 DEBUG storage.ui: Chunk.growRequests: 6289408 on /dev/vda start = 2048  end = 6291455
sectorSize = 512 B

12:26:00,362 DEBUG storage.ui: req: PartitionRequest instance --
id = 256  name = vda1  growable = False
base = 2097152  growth = 0  max_grow = 0
done = True
12:26:00,363 DEBUG storage.ui: req: PartitionRequest instance --
id = 262  name = vda2  growable = False
base = 630784  growth = 0  max_grow = 0
done = True
12:26:00,364 DEBUG storage.ui: req: PartitionRequest instance --
id = 250  name = vda3  growable = True
base = 2097152  growth = 0  max_grow = 102760448
done = False
12:26:00,365 DEBUG storage.ui: 1 requests and 1464320 (749731840) left in chunk
12:26:00,366 DEBUG storage.ui: adding 1464320 (749731840) to 250 (vda3)
12:26:00,366 DEBUG storage.ui: new grow amount for request 250 (vda3) is 1464320 units, or 749731840
12:26:00,367 DEBUG storage.ui: growing partitions on vda
12:26:00,368 DEBUG storage.ui: partition vda1 (256): 0
12:26:00,369 DEBUG storage.ui: new geometry for vda1: parted.Geometry instance --
  start: 2048  end: 2099199  length: 2097152
  device: <parted.device.Device object at 0x7f0c62f29a50>  PedGeometry: <_ped.Geometry object at 0x7f0c62e765d0>
12:26:00,370 DEBUG storage.ui: partition vda2 (262): 0
12:26:00,371 DEBUG storage.ui: new geometry for vda2: parted.Geometry instance --
  start: 2099200  end: 2729983  length: 630784
  device: <parted.device.Device object at 0x7f0c62f29a50>  PedGeometry: <_ped.Geometry object at 0x7f0c62e76590>
12:26:00,372 DEBUG storage.ui: partition vda3 (250): 0
12:26:00,372 DEBUG storage.ui: new geometry for vda3: parted.Geometry instance --
  start: 2729984  end: 6291455  length: 3561472
  device: <parted.device.Device object at 0x7f0c62f29a50>  PedGeometry: <_ped.Geometry object at 0x7f0c62e76790>
12:26:00,373 DEBUG storage.ui: removing all non-preexisting partitions ['vda1(id 256)', 'vda2(id 262)', 'vda3(id 250)'] from disk(s) [u'vda']
12:26:00,375 DEBUG storage.ui:            PartitionDevice._setPartedPartition: vda1 ;
12:26:00,375 DEBUG storage.ui: device vda1 new partedPartition None
12:26:00,377 DEBUG storage.ui:            PartitionDevice._setDisk: req1 ; new: None ; old: vda ;
12:26:00,379 DEBUG storage.ui:                 DiskDevice.removeChild: kids: 3 ; name: vda ;
12:26:00,380 DEBUG storage.ui:            PartitionDevice._setPartedPartition: vda2 ;
12:26:00,381 DEBUG storage.ui: device vda2 new partedPartition None
12:26:00,382 DEBUG storage.ui:            PartitionDevice._setDisk: req2 ; new: None ; old: vda ;
12:26:00,384 DEBUG storage.ui:                 DiskDevice.removeChild: kids: 2 ; name: vda ;
12:26:00,386 DEBUG storage.ui:            PartitionDevice._setPartedPartition: vda3 ;
12:26:00,387 DEBUG storage.ui: device vda3 new partedPartition None
12:26:00,388 DEBUG storage.ui:            PartitionDevice._setDisk: req0 ; new: None ; old: vda ;
12:26:00,390 DEBUG storage.ui:                 DiskDevice.removeChild: kids: 1 ; name: vda ;
12:26:00,391 DEBUG storage.ui: back from removeNewPartitions
12:26:00,391 DEBUG storage.ui: extended: None
12:26:00,392 DEBUG storage.ui: setting req1 new geometry: parted.Geometry instance --
  start: 2048  end: 2099199  length: 2097152
  device: <parted.device.Device object at 0x7f0c62f29a50>  PedGeometry: <_ped.Geometry object at 0x7f0c62e765d0>
12:26:00,393 DEBUG storage.ui:           PartitionDevice._setPartedPartition: req1 ;
12:26:00,394 DEBUG storage.ui: device req1 new partedPartition parted.Partition instance --
  disk: <parted.disk.Disk object at 0x7f0c62f29450>  fileSystem: None
  number: 1  path: /dev/vda1  type: 0
  name: None  active: True  busy: False
  geometry: <parted.geometry.Geometry object at 0x7f0c62e76a10>  PedPartition: <_ped.Partition object at 0x7f0c62f2c8f0>
12:26:00,396 DEBUG storage.ui:           PartitionDevice._setDisk: vda1 ; new: vda ; old: None ;
12:26:00,398 DEBUG storage.ui:              DiskDevice.addChild: kids: 0 ; name: vda ;
12:26:00,400 DEBUG storage.ui:           PartitionDevice._setPartedPartition: vda1 ;
12:26:00,400 DEBUG storage.ui: device vda1 new partedPartition parted.Partition instance --
  disk: <parted.disk.Disk object at 0x7f0c62f29450>  fileSystem: None
  number: 1  path: /dev/vda1  type: 0
  name: None  active: True  busy: False
  geometry: <parted.geometry.Geometry object at 0x7f0c62e76b50>  PedPartition: <_ped.Partition object at 0x7f0c62e6c050>
12:26:00,401 DEBUG storage.ui: setting req2 new geometry: parted.Geometry instance --
  start: 2099200  end: 2729983  length: 630784
  device: <parted.device.Device object at 0x7f0c62f29a50>  PedGeometry: <_ped.Geometry object at 0x7f0c62e76590>
12:26:00,403 DEBUG storage.ui:           PartitionDevice._setPartedPartition: req2 ;
12:26:00,404 DEBUG storage.ui: device req2 new partedPartition parted.Partition instance --
  disk: <parted.disk.Disk object at 0x7f0c62f29450>  fileSystem: None
  number: 2  path: /dev/vda2  type: 0
  name: None  active: True  busy: False
  geometry: <parted.geometry.Geometry object at 0x7f0c62eeaad0>  PedPartition: <_ped.Partition object at 0x7f0c62e6c410>
12:26:00,406 DEBUG storage.ui:           PartitionDevice._setDisk: vda2 ; new: vda ; old: None ;
12:26:00,407 DEBUG storage.ui:              DiskDevice.addChild: kids: 1 ; name: vda ;
12:26:00,409 DEBUG storage.ui:           PartitionDevice._setPartedPartition: vda2 ;
12:26:00,410 DEBUG storage.ui: device vda2 new partedPartition parted.Partition instance --
  disk: <parted.disk.Disk object at 0x7f0c62f29450>  fileSystem: None
  number: 2  path: /dev/vda2  type: 0
  name: None  active: True  busy: False
  geometry: <parted.geometry.Geometry object at 0x7f0c62e76d10>  PedPartition: <_ped.Partition object at 0x7f0c62e6c110>
12:26:00,411 DEBUG storage.ui: setting req0 new geometry: parted.Geometry instance --
  start: 2729984  end: 6291455  length: 3561472
  device: <parted.device.Device object at 0x7f0c62f29a50>  PedGeometry: <_ped.Geometry object at 0x7f0c62e76790>
12:26:00,413 DEBUG storage.ui:           PartitionDevice._setPartedPartition: req0 ;
12:26:00,414 DEBUG storage.ui: device req0 new partedPartition parted.Partition instance --
  disk: <parted.disk.Disk object at 0x7f0c62f29450>  fileSystem: None
  number: 3  path: /dev/vda3  type: 0
  name: None  active: True  busy: False
  geometry: <parted.geometry.Geometry object at 0x7f0c62ee3590>  PedPartition: <_ped.Partition object at 0x7f0c62e6c2f0>
12:26:00,416 DEBUG storage.ui:           PartitionDevice._setDisk: vda3 ; new: vda ; old: None ;
12:26:00,417 DEBUG storage.ui:              DiskDevice.addChild: kids: 2 ; name: vda ;
12:26:00,419 DEBUG storage.ui:           PartitionDevice._setPartedPartition: vda3 ;
12:26:00,420 DEBUG storage.ui: device vda3 new partedPartition parted.Partition instance --
  disk: <parted.disk.Disk object at 0x7f0c62f29450>  fileSystem: None
  number: 3  path: /dev/vda3  type: 0
  name: None  active: True  busy: False
  geometry: <parted.geometry.Geometry object at 0x7f0c62e7e350>  PedPartition: <_ped.Partition object at 0x7f0c62e6c530>
12:26:00,422 DEBUG storage.ui:          DeviceTree.getDevicesByInstance: hidden: False ; incomplete: False ; device_class: <class 'blivet.devices.partition.PartitionDevice'> ;
12:26:00,423 DEBUG storage.ui:          DeviceTree.getDevicesByInstance returned ['vda3', 'vda1', 'vda2']
12:26:00,424 DEBUG storage.ui: fixing size of non-existent 1024 MiB partition vda1 (256) with non-existent xfs filesystem mounted at /boot
12:26:00,434 DEBUG storage.ui: fixing size of non-existent 308 MiB partition vda2 (262) with non-existent swap
12:26:00,445 DEBUG storage.ui: fixing size of non-existent 1739 MiB partition vda3 (250) with non-existent xfs filesystem mounted at /
12:26:00,456 DEBUG storage.ui:          DeviceTree.getDevicesByInstance: hidden: False ; incomplete: False ; device_class: <class 'blivet.devices.partition.PartitionDevice'> ;
12:26:00,457 DEBUG storage.ui:          DeviceTree.getDevicesByInstance returned ['vda3', 'vda1', 'vda2']
12:26:00,459 DEBUG storage.ui:           DeviceTree.getDevicesByInstance: hidden: False ; incomplete: False ; device_class: <class 'blivet.devices.partition.PartitionDevice'> ;
12:26:00,461 DEBUG storage.ui:           DeviceTree.getDevicesByInstance returned ['vda3', 'vda1', 'vda2']
12:26:00,462 DEBUG storage.ui:          DeviceTree.getDevicesByInstance: hidden: False ; incomplete: False ; device_class: <class 'blivet.devices.partition.PartitionDevice'> ;
12:26:00,464 DEBUG storage.ui:          DeviceTree.getDevicesByInstance returned ['vda3', 'vda1', 'vda2']
12:26:00,466 DEBUG storage.ui:          DeviceTree.getDevicesByType: hidden: False ; incomplete: False ; device_type: lvmvg ;
12:26:00,468 DEBUG storage.ui:          DeviceTree.getDevicesByType returned []
12:26:00,490 DEBUG storage.ui:            DeviceTree.getDeviceByName: hidden: False ; name: vda ; incomplete: False ;
12:26:00,492 DEBUG storage.ui:            DeviceTree.getDeviceByName returned vda
12:26:00,493 DEBUG storage.ui: resolved 'vda' to 'vda' (disk)
12:26:00,495 DEBUG storage.ui:            DeviceTree.getDeviceByName: hidden: False ; name: vda ; incomplete: False ;
12:26:00,497 DEBUG storage.ui:            DeviceTree.getDeviceByName returned vda
12:26:00,500 DEBUG storage.ui:           DeviceTree.getDeviceByName: hidden: False ; name: vda ; incomplete: False ;
12:26:00,502 DEBUG storage.ui:           DeviceTree.getDeviceByName returned vda
12:26:00,503 DEBUG storage.ui: resolved 'vda' to 'vda' (disk)
12:26:00,504 DEBUG storage.ui:          DeviceTree.getDeviceByName: hidden: False ; name: vda ; incomplete: False ;
12:26:00,506 DEBUG storage.ui:          DeviceTree.getDeviceByName returned vda
12:26:00,506 DEBUG storage.ui: resolved 'vda' to 'vda' (disk)
12:26:00,569 DEBUG blivet:          DeviceTree.getDevicesByInstance: hidden: False ; incomplete: False ; device_class: <class 'blivet.devices.partition.PartitionDevice'> ;
12:26:00,571 DEBUG blivet:          DeviceTree.getDevicesByInstance returned ['vda3', 'vda1', 'vda2']
12:26:00,627 DEBUG blivet:                XFS.supported: supported: True ;
12:26:00,627 DEBUG blivet: getFormat('xfs') returning XFS instance with object id 267
12:26:00,661 DEBUG blivet:          DeviceTree.getDevicesByInstance: hidden: False ; incomplete: False ; device_class: <class 'blivet.devices.partition.PartitionDevice'> ;
12:26:00,663 DEBUG blivet:          DeviceTree.getDevicesByInstance returned ['vda3', 'vda1', 'vda2']
12:26:20,701 DEBUG blivet:          SwapSpace.__init__:
12:26:20,701 DEBUG blivet: getFormat('swap') returning SwapSpace instance with object id 268
12:26:34,125 INFO blivet: removing obsolete action 206 (204)
12:26:34,147 DEBUG blivet:          DeviceTree.getDeviceByName: hidden: False ; name: vda ; incomplete: False ;
12:26:34,149 DEBUG blivet:          DeviceTree.getDeviceByName returned vda
12:26:34,150 DEBUG blivet: resolved 'vda' to 'vda' (disk)
12:26:34,151 DEBUG blivet:          DeviceTree.getDeviceByName: hidden: False ; name: vda ; incomplete: False ;
12:26:34,153 DEBUG blivet:          DeviceTree.getDeviceByName returned vda
12:26:34,155 DEBUG blivet:         DeviceTree.getDeviceByName: hidden: False ; name: vda ; incomplete: False ;
12:26:34,156 DEBUG blivet:         DeviceTree.getDeviceByName returned vda
12:26:34,157 DEBUG blivet: resolved 'vda' to 'vda' (disk)
12:26:34,158 DEBUG blivet:        DeviceTree.getDeviceByName: hidden: False ; name: vda ; incomplete: False ;
12:26:34,160 DEBUG blivet:        DeviceTree.getDeviceByName returned vda
12:26:34,160 DEBUG blivet: resolved 'vda' to 'vda' (disk)
12:26:52,508 INFO blivet: omitting ksdata: existing 3072 MiB disk vda (9) with non-existent msdos disklabel
12:26:52,542 DEBUG blivet:         PartitionDevice.teardown: vda3 ; status: False ; controllable: True ;
12:26:52,545 DEBUG blivet:           DiskDevice.teardown: vda ; status: True ; controllable: True ;
12:26:52,546 DEBUG blivet:             DeviceFormat.teardown: device: /dev/vda ; status: False ; type: None ;
12:26:52,565 DEBUG blivet:         PartitionDevice.teardown: vda1 ; status: False ; controllable: True ;
12:26:52,567 DEBUG blivet:           DiskDevice.teardown: vda ; status: True ; controllable: True ;
12:26:52,569 DEBUG blivet:             DeviceFormat.teardown: device: /dev/vda ; status: False ; type: None ;
12:26:52,588 DEBUG blivet:         PartitionDevice.teardown: vda2 ; status: False ; controllable: True ;
12:26:52,590 DEBUG blivet:           DiskDevice.teardown: vda ; status: True ; controllable: True ;
12:26:52,592 DEBUG blivet:             DeviceFormat.teardown: device: /dev/vda ; status: False ; type: None ;
12:26:52,608 DEBUG blivet: action: [204] destroy format None on disk vda (id 9)
12:26:52,611 DEBUG blivet: action: [209] create format msdos disklabel on disk vda (id 9)
12:26:52,612 DEBUG blivet: action: [258] create device partition vda1 (id 256)
12:26:52,614 DEBUG blivet: action: [264] create device partition vda2 (id 262)
12:26:52,615 DEBUG blivet: action: [265] create format swap on partition vda2 (id 262)
12:26:52,616 DEBUG blivet: action: [252] create device partition vda3 (id 250)
12:26:52,616 DEBUG blivet: action: [253] create format xfs filesystem mounted at / on partition vda3 (id 250)
12:26:52,617 DEBUG blivet: action: [259] create format xfs filesystem mounted at /boot on partition vda1 (id 256)
12:26:52,618 INFO blivet: pruning action queue...
12:26:52,619 INFO blivet: resetting parted disks...
12:26:52,622 DEBUG blivet:           DiskLabel.resetPartedDisk: device: /dev/vda ;
12:26:52,623 DEBUG blivet:           PartitionDevice.preCommitFixup: vda3 ;
12:26:52,625 DEBUG blivet:           PartitionDevice.preCommitFixup: vda1 ;
12:26:52,627 DEBUG blivet:           PartitionDevice.preCommitFixup: vda2 ;
12:26:52,628 INFO blivet: sorting actions...
12:26:52,630 DEBUG blivet: action: [204] destroy format None on disk vda (id 9)
12:26:52,631 DEBUG blivet: lvm filter: removing vda3 from the reject list
12:26:52,632 DEBUG blivet: vda3 wasn't in the reject list
12:26:52,632 DEBUG blivet: lvm filter: removing vda1 from the reject list
12:26:52,633 DEBUG blivet: vda1 wasn't in the reject list
12:26:52,634 DEBUG blivet: lvm filter: removing vda2 from the reject list
12:26:52,635 DEBUG blivet: vda2 wasn't in the reject list
12:26:52,635 DEBUG blivet: action: [209] create format msdos disklabel on disk vda (id 9)
12:26:52,636 DEBUG blivet: lvm filter: removing vda3 from the reject list
12:26:52,637 DEBUG blivet: vda3 wasn't in the reject list
12:26:52,638 DEBUG blivet: lvm filter: removing vda1 from the reject list
12:26:52,638 DEBUG blivet: vda1 wasn't in the reject list
12:26:52,639 DEBUG blivet: lvm filter: removing vda2 from the reject list
12:26:52,640 DEBUG blivet: vda2 wasn't in the reject list
12:26:52,640 DEBUG blivet: action: [258] create device partition vda1 (id 256)
12:26:52,641 DEBUG blivet: action: [259] create format xfs filesystem mounted at /boot on partition vda1 (id 256)
12:26:52,642 DEBUG blivet: action: [264] create device partition vda2 (id 262)
12:26:52,644 DEBUG blivet: action: [252] create device partition vda3 (id 250)
12:26:52,645 DEBUG blivet: action: [253] create format xfs filesystem mounted at / on partition vda3 (id 250)
12:26:52,646 DEBUG blivet: action: [265] create format swap on partition vda2 (id 262)
12:26:52,647 INFO blivet: executing action: [204] destroy format None on disk vda (id 9)
12:26:52,649 DEBUG blivet:           DiskDevice.setup: vda ; status: True ; controllable: True ; orig: True ;
12:26:52,650 DEBUG blivet:           DeviceFormat.destroy: device: /dev/vda ; status: False ; type: None ;
12:26:52,726 INFO blivet: executing action: [209] create format msdos disklabel on disk vda (id 9)
12:26:52,731 DEBUG blivet:           DiskDevice.setup: vda ; status: True ; controllable: True ; orig: False ;
12:26:52,732 DEBUG blivet:           DiskDevice.setup: vda ; status: True ; controllable: True ; orig: False ;
12:26:52,735 DEBUG blivet:           DiskLabel.create: device: /dev/vda ; status: False ; type: disklabel ;
12:26:52,737 DEBUG blivet:            DiskLabel.create: device: /dev/vda ; status: False ; type: disklabel ;
12:26:52,739 DEBUG blivet:            DiskLabel.commit: device: /dev/vda ; numparts: 0 ;
12:26:52,834 INFO blivet: executing action: [258] create device partition vda1 (id 256)
12:26:52,837 DEBUG blivet:           PartitionDevice.create: vda1 ; status: False ;
12:26:52,839 DEBUG blivet:             PartitionDevice.setupParents: kids: 0 ; name: vda1 ; orig: False ;
12:26:52,841 DEBUG blivet:              DiskDevice.setup: vda ; status: True ; controllable: True ; orig: False ;
12:26:52,844 DEBUG blivet:              DiskLabel.setup: device: /dev/vda ; status: False ; type: disklabel ;
12:26:52,845 DEBUG blivet:            PartitionDevice._create: vda1 ; status: False ;
12:26:52,847 DEBUG blivet:             PartitionDevice._wipe: vda1 ; status: False ;
12:26:52,919 DEBUG blivet:             DiskLabel.commit: device: /dev/vda ; numparts: 1 ;
12:26:52,965 DEBUG blivet: post-commit partition path is /dev/vda1
12:26:52,968 DEBUG blivet:              PartitionDevice._setPartedPartition: vda1 ;
12:26:52,968 DEBUG blivet: device vda1 new partedPartition parted.Partition instance --
  disk: <parted.disk.Disk object at 0x7f0c62f29ad0>  fileSystem: None
  number: 1  path: /dev/vda1  type: 0
  name: None  active: True  busy: False
  geometry: <parted.geometry.Geometry object at 0x7f0c62e327d0>  PedPartition: <_ped.Partition object at 0x7f0c62e14770>
12:26:52,972 DEBUG blivet:             DeviceFormat.destroy: device: /dev/vda1 ; status: False ; type: None ;
12:26:53,021 DEBUG blivet:              PartitionDevice.setup: vda1 ; status: True ; controllable: True ; orig: False ;
12:26:53,023 DEBUG blivet:              PartitionDevice.updateSysfsPath: vda1 ; status: True ;
12:26:53,024 DEBUG blivet: vda1 sysfsPath set to /sys/devices/pci0000:00/0000:00:04.0/virtio0/block/vda/vda1
12:26:53,046 DEBUG blivet:                PartitionDevice.readCurrentSize: path: /dev/vda1 ; sysfsPath: /sys/devices/pci0000:00/0000:00:04.0/virtio0/block/vda/vda1 ; exists: True ;
12:26:53,048 WARN blivet: queue/logical_block_size is not a valid attribute
12:26:53,049 WARN blivet: queue/optimal_io_size is not a valid attribute
12:26:53,050 WARN blivet: queue/minimum_io_size is not a valid attribute
12:26:53,051 DEBUG blivet: updated vda1 size to 1024 MiB (1024 MiB)
12:26:53,096 INFO blivet: executing action: [259] create format xfs filesystem mounted at /boot on partition vda1 (id 256)
12:26:53,100 DEBUG blivet:           PartitionDevice.setup: vda1 ; status: True ; controllable: True ; orig: False ;
12:26:53,102 DEBUG blivet:           PartitionDevice.unsetFlag: path: /dev/vda1 ; flag: 1 ;
12:26:53,104 DEBUG blivet:           PartitionDevice.unsetFlag: path: /dev/vda1 ; flag: 2 ;
12:26:53,105 DEBUG blivet:           PartitionDevice.unsetFlag: path: /dev/vda1 ; flag: 3 ;
12:26:53,107 DEBUG blivet:           PartitionDevice.unsetFlag: path: /dev/vda1 ; flag: 4 ;
12:26:53,109 DEBUG blivet:           PartitionDevice.unsetFlag: path: /dev/vda1 ; flag: 5 ;
12:26:53,111 DEBUG blivet:           PartitionDevice.unsetFlag: path: /dev/vda1 ; flag: 6 ;
12:26:53,114 DEBUG blivet:           PartitionDevice.unsetFlag: path: /dev/vda1 ; flag: 8 ;
12:26:53,116 DEBUG blivet:           PartitionDevice.unsetFlag: path: /dev/vda1 ; flag: 9 ;
12:26:53,118 DEBUG blivet:           PartitionDevice.unsetFlag: path: /dev/vda1 ; flag: 10 ;
12:26:53,119 DEBUG blivet:           PartitionDevice.unsetFlag: path: /dev/vda1 ; flag: 11 ;
12:26:53,121 DEBUG blivet:           PartitionDevice.unsetFlag: path: /dev/vda1 ; flag: 12 ;
12:26:53,124 DEBUG blivet:           PartitionDevice.unsetFlag: path: /dev/vda1 ; flag: 13 ;
12:26:53,126 DEBUG blivet:           PartitionDevice.unsetFlag: path: /dev/vda1 ; flag: 14 ;
12:26:53,128 DEBUG blivet:           PartitionDevice.unsetFlag: path: /dev/vda1 ; flag: 15 ;
12:26:53,131 DEBUG blivet:           DiskLabel.commitToDisk: device: /dev/vda ; numparts: 1 ;
12:26:53,169 DEBUG blivet:           PartitionDevice.setup: vda1 ; status: True ; controllable: True ; orig: False ;
12:26:53,171 DEBUG blivet:            XFS.create: device: /dev/vda1 ; status: False ; type: xfs ;
12:26:53,173 DEBUG blivet:            XFS.doFormat: device: /dev/vda1 ; mountpoint: /boot ; type: xfs ;
12:26:53,298 DEBUG blivet:             XFS.notifyKernel: device: /dev/vda1 ; type: xfs ;
12:26:53,298 DEBUG blivet: notifying kernel of 'change' event on device /sys/class/block/vda1
12:26:53,373 DEBUG blivet:              XFS.notifyKernel: device: /dev/vda1 ; type: xfs ;
12:26:53,375 DEBUG blivet: notifying kernel of 'change' event on device /sys/class/block/vda1
12:26:53,420 INFO blivet: executing action: [264] create device partition vda2 (id 262)
12:26:53,424 DEBUG blivet:           PartitionDevice.create: vda2 ; status: False ;
12:26:53,427 DEBUG blivet:             PartitionDevice.setupParents: kids: 0 ; name: vda2 ; orig: False ;
12:26:53,429 DEBUG blivet:              DiskDevice.setup: vda ; status: True ; controllable: True ; orig: False ;
12:26:53,431 DEBUG blivet:              DiskLabel.setup: device: /dev/vda ; status: False ; type: disklabel ;
12:26:53,433 DEBUG blivet:            PartitionDevice._create: vda2 ; status: False ;
12:26:53,435 DEBUG blivet:             PartitionDevice._wipe: vda2 ; status: False ;
12:26:53,506 DEBUG blivet:             DiskLabel.commit: device: /dev/vda ; numparts: 2 ;
12:26:53,555 DEBUG blivet: post-commit partition path is /dev/vda2
12:26:53,558 DEBUG blivet:              PartitionDevice._setPartedPartition: vda2 ;
12:26:53,559 DEBUG blivet: device vda2 new partedPartition parted.Partition instance --
  disk: <parted.disk.Disk object at 0x7f0c62f29ad0>  fileSystem: None
  number: 2  path: /dev/vda2  type: 0
  name: None  active: True  busy: False
  geometry: <parted.geometry.Geometry object at 0x7f0c62e32250>  PedPartition: <_ped.Partition object at 0x7f0c62e6c050>
12:26:53,564 DEBUG blivet:             DeviceFormat.destroy: device: /dev/vda2 ; status: False ; type: None ;
12:26:53,603 DEBUG blivet:              PartitionDevice.setup: vda2 ; status: True ; controllable: True ; orig: False ;
12:26:53,607 DEBUG blivet:              PartitionDevice.updateSysfsPath: vda2 ; status: True ;
12:26:53,608 DEBUG blivet: vda2 sysfsPath set to /sys/devices/pci0000:00/0000:00:04.0/virtio0/block/vda/vda2
12:26:53,627 DEBUG blivet:                PartitionDevice.readCurrentSize: path: /dev/vda2 ; sysfsPath: /sys/devices/pci0000:00/0000:00:04.0/virtio0/block/vda/vda2 ; exists: True ;
12:26:53,629 WARN blivet: queue/logical_block_size is not a valid attribute
12:26:53,630 WARN blivet: queue/optimal_io_size is not a valid attribute
12:26:53,631 WARN blivet: queue/minimum_io_size is not a valid attribute
12:26:53,633 DEBUG blivet: updated vda2 size to 308 MiB (308 MiB)
12:26:53,673 INFO blivet: executing action: [252] create device partition vda3 (id 250)
12:26:53,676 DEBUG blivet:           PartitionDevice.create: vda3 ; status: False ;
12:26:53,678 DEBUG blivet:             PartitionDevice.setupParents: kids: 0 ; name: vda3 ; orig: False ;
12:26:53,680 DEBUG blivet:              DiskDevice.setup: vda ; status: True ; controllable: True ; orig: False ;
12:26:53,683 DEBUG blivet:              DiskLabel.setup: device: /dev/vda ; status: False ; type: disklabel ;
12:26:53,685 DEBUG blivet:            PartitionDevice._create: vda3 ; status: False ;
12:26:53,687 DEBUG blivet:             PartitionDevice._wipe: vda3 ; status: False ;
12:26:53,763 DEBUG blivet:             DiskLabel.commit: device: /dev/vda ; numparts: 3 ;
12:26:53,817 DEBUG blivet: post-commit partition path is /dev/vda3
12:26:53,820 DEBUG blivet:              PartitionDevice._setPartedPartition: vda3 ;
12:26:53,821 DEBUG blivet: device vda3 new partedPartition parted.Partition instance --
  disk: <parted.disk.Disk object at 0x7f0c62f29ad0>  fileSystem: None
  number: 3  path: /dev/vda3  type: 0
  name: None  active: True  busy: False
  geometry: <parted.geometry.Geometry object at 0x7f0c62e32bd0>  PedPartition: <_ped.Partition object at 0x7f0c62e46b90>
12:26:53,825 DEBUG blivet:             DeviceFormat.destroy: device: /dev/vda3 ; status: False ; type: None ;
12:26:53,865 DEBUG blivet:              PartitionDevice.setup: vda3 ; status: True ; controllable: True ; orig: False ;
12:26:53,871 DEBUG blivet:              PartitionDevice.updateSysfsPath: vda3 ; status: True ;
12:26:53,873 DEBUG blivet: vda3 sysfsPath set to /sys/devices/pci0000:00/0000:00:04.0/virtio0/block/vda/vda3
12:26:53,894 DEBUG blivet:                PartitionDevice.readCurrentSize: path: /dev/vda3 ; sysfsPath: /sys/devices/pci0000:00/0000:00:04.0/virtio0/block/vda/vda3 ; exists: True ;
12:26:53,896 WARN blivet: queue/logical_block_size is not a valid attribute
12:26:53,898 WARN blivet: queue/optimal_io_size is not a valid attribute
12:26:53,899 WARN blivet: queue/minimum_io_size is not a valid attribute
12:26:53,900 DEBUG blivet: updated vda3 size to 1739 MiB (1739 MiB)
12:26:53,944 INFO blivet: executing action: [253] create format xfs filesystem mounted at / on partition vda3 (id 250)
12:26:53,950 DEBUG blivet:           PartitionDevice.setup: vda3 ; status: True ; controllable: True ; orig: False ;
12:26:53,951 DEBUG blivet:           PartitionDevice.unsetFlag: path: /dev/vda3 ; flag: 1 ;
12:26:53,953 DEBUG blivet:           PartitionDevice.unsetFlag: path: /dev/vda3 ; flag: 2 ;
12:26:53,954 DEBUG blivet:           PartitionDevice.unsetFlag: path: /dev/vda3 ; flag: 3 ;
12:26:53,956 DEBUG blivet:           PartitionDevice.unsetFlag: path: /dev/vda3 ; flag: 4 ;
12:26:53,957 DEBUG blivet:           PartitionDevice.unsetFlag: path: /dev/vda3 ; flag: 5 ;
12:26:53,959 DEBUG blivet:           PartitionDevice.unsetFlag: path: /dev/vda3 ; flag: 6 ;
12:26:53,961 DEBUG blivet:           PartitionDevice.unsetFlag: path: /dev/vda3 ; flag: 8 ;
12:26:53,963 DEBUG blivet:           PartitionDevice.unsetFlag: path: /dev/vda3 ; flag: 9 ;
12:26:53,965 DEBUG blivet:           PartitionDevice.unsetFlag: path: /dev/vda3 ; flag: 10 ;
12:26:53,967 DEBUG blivet:           PartitionDevice.unsetFlag: path: /dev/vda3 ; flag: 11 ;
12:26:53,968 DEBUG blivet:           PartitionDevice.unsetFlag: path: /dev/vda3 ; flag: 12 ;
12:26:53,970 DEBUG blivet:           PartitionDevice.unsetFlag: path: /dev/vda3 ; flag: 13 ;
12:26:53,971 DEBUG blivet:           PartitionDevice.unsetFlag: path: /dev/vda3 ; flag: 14 ;
12:26:53,973 DEBUG blivet:           PartitionDevice.unsetFlag: path: /dev/vda3 ; flag: 15 ;
12:26:53,975 DEBUG blivet:           DiskLabel.commitToDisk: device: /dev/vda ; numparts: 3 ;
12:26:54,029 DEBUG blivet:           PartitionDevice.setup: vda3 ; status: True ; controllable: True ; orig: False ;
12:26:54,031 DEBUG blivet:            XFS.create: device: /dev/vda3 ; status: False ; type: xfs ;
12:26:54,033 DEBUG blivet:            XFS.doFormat: device: /dev/vda3 ; mountpoint: / ; type: xfs ;
12:26:54,133 DEBUG blivet:             XFS.notifyKernel: device: /dev/vda3 ; type: xfs ;
12:26:54,134 DEBUG blivet: notifying kernel of 'change' event on device /sys/class/block/vda3
12:26:54,186 INFO blivet: executing action: [265] create format swap on partition vda2 (id 262)
12:26:54,191 DEBUG blivet:           PartitionDevice.setup: vda2 ; status: True ; controllable: True ; orig: False ;
12:26:54,192 DEBUG blivet:           PartitionDevice.unsetFlag: path: /dev/vda2 ; flag: 1 ;
12:26:54,195 DEBUG blivet:           PartitionDevice.unsetFlag: path: /dev/vda2 ; flag: 2 ;
12:26:54,199 DEBUG blivet:           PartitionDevice.unsetFlag: path: /dev/vda2 ; flag: 4 ;
12:26:54,201 DEBUG blivet:           PartitionDevice.unsetFlag: path: /dev/vda2 ; flag: 5 ;
12:26:54,202 DEBUG blivet:           PartitionDevice.unsetFlag: path: /dev/vda2 ; flag: 6 ;
12:26:54,205 DEBUG blivet:           PartitionDevice.unsetFlag: path: /dev/vda2 ; flag: 8 ;
12:26:54,207 DEBUG blivet:           PartitionDevice.unsetFlag: path: /dev/vda2 ; flag: 9 ;
12:26:54,209 DEBUG blivet:           PartitionDevice.unsetFlag: path: /dev/vda2 ; flag: 10 ;
12:26:54,211 DEBUG blivet:           PartitionDevice.unsetFlag: path: /dev/vda2 ; flag: 11 ;
12:26:54,214 DEBUG blivet:           PartitionDevice.unsetFlag: path: /dev/vda2 ; flag: 12 ;
12:26:54,216 DEBUG blivet:           PartitionDevice.unsetFlag: path: /dev/vda2 ; flag: 13 ;
12:26:54,217 DEBUG blivet:           PartitionDevice.unsetFlag: path: /dev/vda2 ; flag: 14 ;
12:26:54,219 DEBUG blivet:           PartitionDevice.unsetFlag: path: /dev/vda2 ; flag: 15 ;
12:26:54,222 DEBUG blivet:           PartitionDevice.setFlag: path: /dev/vda2 ; flag: 3 ;
12:26:54,224 DEBUG blivet:           DiskLabel.commitToDisk: device: /dev/vda ; numparts: 3 ;
12:26:54,289 DEBUG blivet:           PartitionDevice.setup: vda2 ; status: True ; controllable: True ; orig: False ;
12:26:54,293 DEBUG blivet:           SwapSpace.create: device: /dev/vda2 ; status: None ; type: swap ;
12:26:54,295 DEBUG blivet:            SwapSpace.create: device: /dev/vda2 ; status: None ; type: swap ;
12:26:54,321 DEBUG blivet:            SwapSpace.notifyKernel: device: /dev/vda2 ; type: swap ;
12:26:54,322 DEBUG blivet: notifying kernel of 'change' event on device /sys/class/block/vda2
12:26:54,383 DEBUG blivet:           DeviceTree.getDevicesByInstance: hidden: False ; incomplete: False ; device_class: <class 'blivet.devices.partition.PartitionDevice'> ;
12:26:54,385 DEBUG blivet:           DeviceTree.getDevicesByInstance returned ['vda3', 'vda1', 'vda2']
12:26:54,388 DEBUG blivet:            PartitionDevice._setPartedPartition: vda3 ;
12:26:54,389 DEBUG blivet: device vda3 new partedPartition parted.Partition instance --
  disk: <parted.disk.Disk object at 0x7f0c62f29ad0>  fileSystem: <parted.filesystem.FileSystem object at 0x7f0c62eea390>
  number: 3  path: /dev/vda3  type: 0
  name: None  active: True  busy: False
  geometry: <parted.geometry.Geometry object at 0x7f0c62eea590>  PedPartition: <_ped.Partition object at 0x7f0c62e60fb0>
12:26:54,392 DEBUG blivet:            PartitionDevice._setPartedPartition: vda1 ;
12:26:54,393 DEBUG blivet: device vda1 new partedPartition parted.Partition instance --
  disk: <parted.disk.Disk object at 0x7f0c62f29ad0>  fileSystem: <parted.filesystem.FileSystem object at 0x7f0c62eea510>
  number: 1  path: /dev/vda1  type: 0
  name: None  active: True  busy: False
  geometry: <parted.geometry.Geometry object at 0x7f0c62e32d50>  PedPartition: <_ped.Partition object at 0x7f0c62f1fb30>
12:26:54,398 DEBUG blivet:            PartitionDevice._setPartedPartition: vda2 ;
12:26:54,399 DEBUG blivet: device vda2 new partedPartition parted.Partition instance --
  disk: <parted.disk.Disk object at 0x7f0c62f29ad0>  fileSystem: <parted.filesystem.FileSystem object at 0x7f0c62eeaa50>
  number: 2  path: /dev/vda2  type: 0
  name: None  active: True  busy: False
  geometry: <parted.geometry.Geometry object at 0x7f0c62e32110>  PedPartition: <_ped.Partition object at 0x7f0c62f1fd70>
12:26:54,402 INFO blivet: setting boot flag on vda1
12:26:54,403 DEBUG blivet:          PartitionDevice.setFlag: path: /dev/vda1 ; flag: 1 ;
12:26:54,405 DEBUG blivet:         DiskDevice.setup: vda ; status: True ; controllable: True ; orig: False ;
12:26:54,408 DEBUG blivet:         DiskLabel.commitToDisk: device: /dev/vda ; numparts: 3 ;
12:26:54,426 DEBUG blivet:              Ext4FS.supported: supported: True ;
12:26:54,433 DEBUG blivet:              Ext4FS.supported: supported: True ;
12:26:54,438 DEBUG blivet:             Ext4FS.supported: supported: True ;
12:26:54,443 DEBUG blivet:             Iso9660FS.supported: supported: True ;
12:26:54,460 DEBUG blivet:              XFS.supported: supported: True ;
12:26:54,465 DEBUG blivet:              XFS.supported: supported: True ;
12:26:54,557 DEBUG blivet:          PartitionDevice.setup: vda2 ; status: True ; controllable: True ; orig: False ;
12:26:54,559 DEBUG blivet:          SwapSpace.setup: device: /dev/vda2 ; status: False ; type: swap ;
12:26:54,561 DEBUG blivet:           SwapSpace.setup: device: /dev/vda2 ; status: False ; type: swap ;
12:26:54,587 DEBUG blivet:             BindFS.supported: supported: False ;
12:26:54,589 DEBUG blivet: getFormat('bind') returning BindFS instance with object id 273
12:26:54,591 DEBUG blivet:              DirectoryDevice._setFormat: /dev ; current: None ; type: bind ;
12:26:54,592 DEBUG blivet:               DirectoryDevice.readCurrentSize: path: /dev ; sysfsPath:  ; exists: True ;
12:26:54,594 DEBUG blivet: updated /dev size to 3120 B (0 B)
12:26:54,607 DEBUG blivet:               TmpFS.supported: supported: True ;
12:26:54,622 DEBUG blivet: getFormat('tmpfs') returning TmpFS instance with object id 276
12:26:54,625 DEBUG blivet:              NoDevice._setFormat: tmpfs ; current: None ; type: tmpfs ;
12:26:54,629 DEBUG blivet:              DevPtsFS.supported: supported: False ;
12:26:54,630 DEBUG blivet: getFormat('devpts') returning DevPtsFS instance with object id 279
12:26:54,632 DEBUG blivet:              NoDevice._setFormat: devpts ; current: None ; type: devpts ;
12:26:54,634 DEBUG blivet:              SysFS.supported: supported: False ;
12:26:54,635 DEBUG blivet: getFormat('sysfs') returning SysFS instance with object id 282
12:26:54,638 DEBUG blivet:              NoDevice._setFormat: sysfs ; current: None ; type: sysfs ;
12:26:54,640 DEBUG blivet:              ProcFS.supported: supported: False ;
12:26:54,641 DEBUG blivet: getFormat('proc') returning ProcFS instance with object id 285
12:26:54,643 DEBUG blivet:              NoDevice._setFormat: proc ; current: None ; type: proc ;
12:26:54,646 DEBUG blivet:              SELinuxFS.supported: supported: False ;
12:26:54,648 DEBUG blivet: getFormat('selinuxfs') returning SELinuxFS instance with object id 288
12:26:54,650 DEBUG blivet:              NoDevice._setFormat: selinuxfs ; current: None ; type: selinuxfs ;
12:26:54,653 DEBUG blivet:              USBFS.supported: supported: False ;
12:26:54,654 DEBUG blivet: getFormat('usbfs') returning USBFS instance with object id 291
12:26:54,655 DEBUG blivet:              NoDevice._setFormat: usbfs ; current: None ; type: usbfs ;
12:26:54,657 DEBUG blivet:             BindFS.supported: supported: False ;
12:26:54,658 DEBUG blivet: getFormat('bind') returning BindFS instance with object id 294
12:26:54,667 DEBUG blivet:              DirectoryDevice._setFormat: /run ; current: None ; type: bind ;
12:26:54,671 DEBUG blivet:               DirectoryDevice.readCurrentSize: path: /run ; sysfsPath:  ; exists: True ;
12:26:54,677 DEBUG blivet: updated /run size to 660 B (0 B)
12:26:54,681 DEBUG blivet:          PartitionDevice.setup: vda3 ; status: True ; controllable: True ; orig: False ;
12:26:54,737 INFO blivet: set SELinux context for newly mounted filesystem root at / to system_u:object_r:root_t:s0
12:26:54,739 INFO blivet: set SELinux context for newly mounted filesystem lost+found directory at /lost+found to system_u:object_r:lost_found_t:s0
12:26:54,742 DEBUG blivet:          PartitionDevice.setup: vda1 ; status: True ; controllable: True ; orig: False ;
12:26:54,773 INFO blivet: set SELinux context for newly mounted filesystem root at /boot to system_u:object_r:boot_t:s0
12:26:54,775 INFO blivet: set SELinux context for newly mounted filesystem lost+found directory at /boot/lost+found to system_u:object_r:lost_found_t:s0
12:26:54,778 DEBUG blivet:          DirectoryDevice.setup: /dev ; status: True ; controllable: True ; orig: False ;
12:26:54,800 INFO blivet: set SELinux context for newly mounted filesystem root at /dev to system_u:object_r:device_t:s0
12:26:54,801 INFO blivet: set SELinux context for newly mounted filesystem lost+found directory at /dev/lost+found to system_u:object_r:lost_found_t:s0
12:26:54,803 DEBUG blivet:          NoDevice.setup: devpts ; status: False ; controllable: True ; orig: False ;
12:26:54,821 INFO blivet: set SELinux context for newly mounted filesystem root at /dev/pts to system_u:object_r:devpts_t:s0
12:26:54,822 INFO blivet: set SELinux context for newly mounted filesystem lost+found directory at /dev/pts/lost+found to system_u:object_r:lost_found_t:s0
12:26:54,824 DEBUG blivet:          NoDevice.setup: tmpfs ; status: False ; controllable: True ; orig: False ;
12:26:54,842 INFO blivet: set SELinux context for newly mounted filesystem root at /dev/shm to system_u:object_r:tmpfs_t:s0
12:26:54,845 INFO blivet: set SELinux context for newly mounted filesystem lost+found directory at /dev/shm/lost+found to system_u:object_r:lost_found_t:s0
12:26:54,848 DEBUG blivet:          NoDevice.setup: proc ; status: False ; controllable: True ; orig: False ;
12:26:54,868 INFO blivet: failed to get default SELinux context for /proc: [Errno 2] No such file or directory
12:26:54,868 INFO blivet: set SELinux context for newly mounted filesystem root at /proc to None
12:26:54,869 INFO blivet: set SELinux context for newly mounted filesystem lost+found directory at /proc/lost+found to system_u:object_r:lost_found_t:s0
12:26:54,937 DEBUG blivet:          DirectoryDevice.setup: /run ; status: True ; controllable: True ; orig: False ;
12:26:54,955 INFO blivet: set SELinux context for newly mounted filesystem root at /run to system_u:object_r:var_run_t:s0
12:26:54,956 INFO blivet: set SELinux context for newly mounted filesystem lost+found directory at /run/lost+found to system_u:object_r:lost_found_t:s0
12:26:54,958 DEBUG blivet:          NoDevice.setup: sysfs ; status: False ; controllable: True ; orig: False ;
12:26:54,974 INFO blivet: set SELinux context for newly mounted filesystem root at /sys to system_u:object_r:sysfs_t:s0
12:26:54,978 INFO blivet: set SELinux context for newly mounted filesystem lost+found directory at /sys/lost+found to system_u:object_r:lost_found_t:s0
12:26:54,980 DEBUG blivet:          NoDevice.setup: selinuxfs ; status: False ; controllable: True ; orig: False ;
12:26:54,996 INFO blivet: failed to set SELinux context for /mnt/sysimage/sys/fs/selinux: [Errno 95] Operation not supported
12:26:54,997 INFO blivet: set SELinux context for newly mounted filesystem root at /sys/fs/selinux to None
12:26:54,998 INFO blivet: set SELinux context for newly mounted filesystem lost+found directory at /sys/fs/selinux/lost+found to system_u:object_r:lost_found_t:s0
12:26:55,002 DEBUG blivet:          DeviceTree.getDevicesByInstance: hidden: False ; incomplete: False ; device_class: <class 'blivet.devices.network.NetworkStorageDevice'> ;
12:26:55,004 DEBUG blivet:          DeviceTree.getDevicesByInstance returned []
12:26:55,008 DEBUG blivet:          DeviceTree.getDevicesByType: hidden: False ; incomplete: False ; device_type: mdarray ;
12:26:55,011 DEBUG blivet:          DeviceTree.getDevicesByType returned []
12:26:55,012 DEBUG blivet:          DeviceTree.getDevicesByType: hidden: False ; incomplete: False ; device_type: mdbiosraidarray ;
12:26:55,014 DEBUG blivet:          DeviceTree.getDevicesByType returned []
12:26:55,016 DEBUG blivet:          DeviceTree.getDevicesByType: hidden: False ; incomplete: False ; device_type: mdcontainer ;
12:26:55,017 DEBUG blivet:          DeviceTree.getDevicesByType returned []
12:26:55,019 DEBUG blivet:         DeviceTree.getDevicesByType: hidden: False ; incomplete: False ; device_type: dm-multipath ;
12:26:55,020 DEBUG blivet:         DeviceTree.getDevicesByType returned []
12:26:55,021 INFO blivet: not writing out mpath configuration
12:26:55,023 DEBUG blivet:        DeviceTree.getDevicesByType: hidden: False ; incomplete: False ; device_type: zfcp ;
12:26:55,024 DEBUG blivet:        DeviceTree.getDevicesByType returned []
12:26:55,135 DEBUG blivet: /dev/sr0 is mounted on /run/install/repo
12:31:10,049 DEBUG blivet:          DeviceTree.getDevicesByInstance: hidden: False ; incomplete: False ; device_class: <class 'blivet.devices.network.NetworkStorageDevice'> ;
12:31:10,051 DEBUG blivet:          DeviceTree.getDevicesByInstance returned []
