[    25.302] (WW) Failed to open protocol names file /usr/lib64/xorg/protocol.txt
[    25.303] 
X.Org X Server 1.20.4
X Protocol Version 11, Revision 0
[    25.303] Build Operating System:  3.10.0-957.1.3.el7.x86_64 
[    25.303] Current Operating System: Linux localhost 3.10.0-1127.el7.x86_64 #1 SMP Tue Mar 31 23:36:51 UTC 2020 x86_64
[    25.304] Kernel command line: initrd=initrd.img inst.stage2=hd:LABEL=CentOS\x207\x20x86_64 rd.live.check quiet BOOT_IMAGE=vmlinuz 
[    25.304] Build Date: 01 April 2020  05:04:29AM
[    25.304] Build ID: xorg-x11-server 1.20.4-10.el7 
[    25.304] Current version of pixman: 0.34.0
[    25.304] 	Before reporting problems, check http://wiki.x.org
	to make sure that you have the latest version.
[    25.304] Markers: (--) probed, (**) from config file, (==) default setting,
	(++) from command line, (!!) notice, (II) informational,
	(WW) warning, (EE) error, (NI) not implemented, (??) unknown.
[    25.304] (++) Log file: "/tmp/X.log", Time: Sat May 23 16:22:47 2020
[    25.311] (==) Using config directory: "/etc/X11/xorg.conf.d"
[    25.311] (==) Using system config directory "/usr/share/X11/xorg.conf.d"
[    25.318] (==) No Layout section.  Using the first Screen section.
[    25.318] (==) No screen section available. Using defaults.
[    25.318] (**) |-->Screen "Default Screen Section" (0)
[    25.318] (**) |   |-->Monitor "<default monitor>"
[    25.319] (==) No monitor specified for screen "Default Screen Section".
	Using a default monitor configuration.
[    25.319] (==) Automatically adding devices
[    25.319] (==) Automatically enabling devices
[    25.319] (==) Automatically adding GPU devices
[    25.319] (==) Automatically binding GPU devices
[    25.319] (==) Max clients allowed: 256, resource mask: 0x1fffff
[    25.319] (==) FontPath set to:
	catalogue:/etc/X11/fontpath.d,
	built-ins
[    25.319] (==) ModulePath set to "/usr/lib64/xorg/modules"
[    25.319] (II) The server relies on udev to provide the list of input devices.
	If no devices become available, reconfigure udev or disable AutoAddDevices.
[    25.319] (II) Loader magic: 0x56184b4e9020
[    25.319] (II) Module ABI versions:
[    25.319] 	X.Org ANSI C Emulation: 0.4
[    25.319] 	X.Org Video Driver: 24.0
[    25.319] 	X.Org XInput driver : 24.1
[    25.319] 	X.Org Server Extension : 10.0
[    25.320] (II) xfree86: Adding drm device (/dev/dri/card0)
[    25.320] (II) Platform probe for /sys/devices/pci0000:00/0000:00:02.0/drm/card0
[    25.324] (--) PCI:*(0@0:2:0) 1234:1111:1af4:1100 rev 2, Mem @ 0xfd000000/16777216, 0xfebf0000/4096, BIOS @ 0x????????/65536
[    25.324] (II) LoadModule: "glx"
[    25.325] (II) Loading /usr/lib64/xorg/modules/extensions/libglx.so
[    25.391] (II) Module glx: vendor="X.Org Foundation"
[    25.391] 	compiled for 1.20.4, module version = 1.0.0
[    25.391] 	ABI class: X.Org Server Extension, version 10.0
[    25.391] (==) Matched modesetting as autoconfigured driver 0
[    25.391] (==) Matched fbdev as autoconfigured driver 1
[    25.391] (==) Matched vesa as autoconfigured driver 2
[    25.391] (==) Assigned the driver to the xf86ConfigLayout
[    25.391] (II) LoadModule: "modesetting"
[    25.391] (II) Loading /usr/lib64/xorg/modules/drivers/modesetting_drv.so
[    25.399] (II) Module modesetting: vendor="X.Org Foundation"
[    25.399] 	compiled for 1.20.4, module version = 1.20.4
[    25.399] 	Module class: X.Org Video Driver
[    25.399] 	ABI class: X.Org Video Driver, version 24.0
[    25.399] (II) LoadModule: "fbdev"
[    25.399] (II) Loading /usr/lib64/xorg/modules/drivers/fbdev_drv.so
[    25.409] (II) Module fbdev: vendor="X.Org Foundation"
[    25.409] 	compiled for 1.20.1, module version = 0.5.0
[    25.409] 	Module class: X.Org Video Driver
[    25.409] 	ABI class: X.Org Video Driver, version 24.0
[    25.409] (II) LoadModule: "vesa"
[    25.409] (II) Loading /usr/lib64/xorg/modules/drivers/vesa_drv.so
[    25.410] (II) Module vesa: vendor="X.Org Foundation"
[    25.410] 	compiled for 1.20.1, module version = 2.4.0
[    25.410] 	Module class: X.Org Video Driver
[    25.410] 	ABI class: X.Org Video Driver, version 24.0
[    25.410] (II) modesetting: Driver for Modesetting Kernel Drivers: kms
[    25.410] (II) FBDEV: driver for framebuffer: fbdev
[    25.410] (II) VESA: driver for VESA chipsets: vesa
[    25.410] (++) using VT number 6

[    25.413] (II) modeset(0): using drv /dev/dri/card0
[    25.413] (WW) Falling back to old probe method for fbdev
[    25.413] (II) Loading sub module "fbdevhw"
[    25.413] (II) LoadModule: "fbdevhw"
[    25.413] (II) Loading /usr/lib64/xorg/modules/libfbdevhw.so
[    25.413] (II) Module fbdevhw: vendor="X.Org Foundation"
[    25.413] 	compiled for 1.20.4, module version = 0.0.2
[    25.413] 	ABI class: X.Org Video Driver, version 24.0
[    25.413] (II) modeset(0): Creating default Display subsection in Screen section
	"Default Screen Section" for depth/fbbpp 24/32
[    25.413] (==) modeset(0): Depth 24, (==) framebuffer bpp 32
[    25.413] (==) modeset(0): RGB weight 888
[    25.413] (==) modeset(0): Default visual is TrueColor
[    25.413] (II) Loading sub module "glamoregl"
[    25.413] (II) LoadModule: "glamoregl"
[    25.413] (II) Loading /usr/lib64/xorg/modules/libglamoregl.so
[    25.456] (II) Module glamoregl: vendor="X.Org Foundation"
[    25.456] 	compiled for 1.20.4, module version = 1.0.1
[    25.456] 	ABI class: X.Org ANSI C Emulation, version 0.4
[    26.642] (II) modeset(0): Refusing to try glamor on llvmpipe
[    26.649] (EE) modeset(0): glamor initialization failed
[    26.649] (II) modeset(0): ShadowFB: preferred NO, enabled NO
[    26.649] (II) modeset(0): Output Virtual-1 has no monitor section
[    26.655] (II) modeset(0): EDID for output Virtual-1
[    26.655] (II) modeset(0): Manufacturer: RHT  Model: 1234  Serial#: 0
[    26.655] (II) modeset(0): Year: 2014  Week: 42
[    26.655] (II) modeset(0): EDID Version: 1.4
[    26.655] (II) modeset(0): Digital Display Input
[    26.655] (II) modeset(0): 8 bits per channel
[    26.655] (II) modeset(0): Digital interface is DisplayPort
[    26.655] (II) modeset(0): Max Image Size [cm]: horiz.: 26  vert.: 19
[    26.655] (II) modeset(0): Gamma: 2.20
[    26.655] (II) modeset(0): No DPMS capabilities specified
[    26.655] (II) modeset(0): Supported color encodings: RGB 4:4:4 
[    26.655] (II) modeset(0): Default color space is primary color space
[    26.655] (II) modeset(0): First detailed timing is preferred mode
[    26.655] (II) modeset(0): Preferred mode is native pixel format and refresh rate
[    26.655] (II) modeset(0): redX: 0.640 redY: 0.330   greenX: 0.300 greenY: 0.600
[    26.655] (II) modeset(0): blueX: 0.150 blueY: 0.060   whiteX: 0.312 whiteY: 0.329
[    26.655] (II) modeset(0): Supported established timings:
[    26.655] (II) modeset(0): 640x480@60Hz
[    26.655] (II) modeset(0): 800x600@60Hz
[    26.655] (II) modeset(0): 1024x768@60Hz
[    26.655] (II) modeset(0): Manufacturer's mask: 0
[    26.655] (II) modeset(0): Supported standard timings:
[    26.655] (II) modeset(0): #0: hsize: 2048  vsize 1152  refresh: 60  vid: 49377
[    26.655] (II) modeset(0): #1: hsize: 1920  vsize 1080  refresh: 60  vid: 49361
[    26.655] (II) modeset(0): Supported detailed timing:
[    26.655] (II) modeset(0): clock: 82.3 MHz   Image Size:  403 x 302 mm
[    26.655] (II) modeset(0): h_active: 1024  h_sync: 1280  h_sync_end 1310 h_blank_end 1382 h_border: 0
[    26.655] (II) modeset(0): v_active: 768  v_sync: 771  v_sync_end 774 v_blanking: 794 v_border: 0
[    26.655] (II) modeset(0): Ranges: V min: 50 V max: 125 Hz, H min: 30 H max: 160 kHz, PixClock max 1205 MHz
[    26.655] (II) modeset(0): Monitor name: QEMU Monitor
[    26.655] (II) modeset(0): Established timings III: (not decoded)
[    26.655] (II) modeset(0): Number of EDID sections to follow: 1
[    26.655] (II) modeset(0): EDID (in hex):
[    26.655] (II) modeset(0): 	00ffffffffffff004914341200000000
[    26.655] (II) modeset(0): 	2a180104a51a137806ee91a3544c9926
[    26.655] (II) modeset(0): 	0f5054210800e1c0d1c0010101010101
[    26.655] (II) modeset(0): 	0101010101012520006641001a30001e
[    26.655] (II) modeset(0): 	3340932e11000018000000fd00327d1e
[    26.655] (II) modeset(0): 	a078010a202020202020000000fc0051
[    26.655] (II) modeset(0): 	454d55204d6f6e69746f720a000000f7
[    26.655] (II) modeset(0): 	000a004aa22429200000000000000132
[    26.655] (II) modeset(0): 	02030a00457d6560591f000000000000
[    26.655] (II) modeset(0): 	00000000000000000000000000000000
[    26.655] (II) modeset(0): 	00000000000000000000000000000000
[    26.655] (II) modeset(0): 	00000000000000000000000000000000
[    26.655] (II) modeset(0): 	00000000000000000000000000000000
[    26.655] (II) modeset(0): 	00000000000000000000000000000000
[    26.655] (II) modeset(0): 	00000000000000000000000000000000
[    26.655] (II) modeset(0): 	000000000000000000000000000000f2
[    26.655] (II) modeset(0): Printing probed modes for output Virtual-1
[    26.655] (II) modeset(0): Modeline "1024x768"x75.0   82.29  1024 1280 1310 1382  768 771 774 794 -hsync -vsync (59.5 kHz eP)
[    26.655] (II) modeset(0): Modeline "1920x1080"x60.0  148.50  1920 2008 2052 2200  1080 1084 1089 1125 -hsync -vsync (67.5 kHz e)
[    26.655] (II) modeset(0): Modeline "1920x1080"x50.0  148.50  1920 2448 2492 2640  1080 1084 1089 1125 +hsync +vsync (56.2 kHz e)
[    26.655] (II) modeset(0): Modeline "1600x1200"x60.0  162.00  1600 1664 1856 2160  1200 1201 1204 1250 +hsync +vsync (75.0 kHz e)
[    26.655] (II) modeset(0): Modeline "1680x1050"x60.0  146.25  1680 1784 1960 2240  1050 1053 1059 1089 -hsync +vsync (65.3 kHz e)
[    26.655] (II) modeset(0): Modeline "1400x1050"x60.0  121.75  1400 1488 1632 1864  1050 1053 1057 1089 -hsync +vsync (65.3 kHz e)
[    26.656] (II) modeset(0): Modeline "1280x1024"x60.0  108.00  1280 1328 1440 1688  1024 1025 1028 1066 +hsync +vsync (64.0 kHz e)
[    26.656] (II) modeset(0): Modeline "1440x900"x59.9  106.50  1440 1520 1672 1904  900 903 909 934 -hsync +vsync (55.9 kHz e)
[    26.656] (II) modeset(0): Modeline "1280x960"x60.0  108.00  1280 1376 1488 1800  960 961 964 1000 +hsync +vsync (60.0 kHz e)
[    26.656] (II) modeset(0): Modeline "1360x768"x60.0   85.50  1360 1424 1536 1792  768 771 777 795 +hsync +vsync (47.7 kHz e)
[    26.656] (II) modeset(0): Modeline "1280x768"x59.9   79.50  1280 1344 1472 1664  768 771 778 798 -hsync +vsync (47.8 kHz e)
[    26.656] (II) modeset(0): Modeline "1024x768"x60.0   65.00  1024 1048 1184 1344  768 771 777 806 -hsync -vsync (48.4 kHz e)
[    26.656] (II) modeset(0): Modeline "800x600"x60.3   40.00  800 840 968 1056  600 601 605 628 +hsync +vsync (37.9 kHz e)
[    26.656] (II) modeset(0): Modeline "640x480"x60.0   25.20  640 656 752 800  480 490 492 525 -hsync -vsync (31.5 kHz e)
[    26.656] (II) modeset(0): Modeline "640x480"x59.9   25.18  640 656 752 800  480 490 492 525 -hsync -vsync (31.5 kHz e)
[    26.656] (II) modeset(0): Output Virtual-1 connected
[    26.656] (II) modeset(0): Using exact sizes for initial modes
[    26.656] (II) modeset(0): Output Virtual-1 using initial mode 1024x768 +0+0
[    26.656] (==) modeset(0): Using gamma correction (1.0, 1.0, 1.0)
[    26.656] (++) modeset(0): DPI set to (96, 96)
[    26.656] (II) Loading sub module "fb"
[    26.656] (II) LoadModule: "fb"
[    26.656] (II) Loading /usr/lib64/xorg/modules/libfb.so
[    26.661] (II) Module fb: vendor="X.Org Foundation"
[    26.661] 	compiled for 1.20.4, module version = 1.0.0
[    26.661] 	ABI class: X.Org ANSI C Emulation, version 0.4
[    26.661] (II) UnloadModule: "fbdev"
[    26.661] (II) Unloading fbdev
[    26.661] (II) UnloadSubModule: "fbdevhw"
[    26.661] (II) Unloading fbdevhw
[    26.661] (II) UnloadModule: "vesa"
[    26.661] (II) Unloading vesa
[    26.673] (==) modeset(0): Backing store enabled
[    26.673] (==) modeset(0): Silken mouse enabled
[    26.673] (II) modeset(0): Initializing kms color map for depth 24, 8 bpc.
[    26.673] (==) modeset(0): DPMS enabled
[    26.673] (II) Initializing extension Generic Event Extension
[    26.673] (II) Initializing extension SHAPE
[    26.673] (II) Initializing extension MIT-SHM
[    26.673] (II) Initializing extension XInputExtension
[    26.673] (II) Initializing extension XTEST
[    26.673] (II) Initializing extension BIG-REQUESTS
[    26.673] (II) Initializing extension SYNC
[    26.674] (II) Initializing extension XKEYBOARD
[    26.674] (II) Initializing extension XC-MISC
[    26.674] (II) Initializing extension SECURITY
[    26.674] (II) Initializing extension XFIXES
[    26.674] (II) Initializing extension RENDER
[    26.674] (II) Initializing extension RANDR
[    26.674] (II) Initializing extension COMPOSITE
[    26.674] (II) Initializing extension DAMAGE
[    26.674] (II) Initializing extension MIT-SCREEN-SAVER
[    26.674] (II) Initializing extension DOUBLE-BUFFER
[    26.674] (II) Initializing extension RECORD
[    26.674] (II) Initializing extension DPMS
[    26.674] (II) Initializing extension Present
[    26.674] (II) Initializing extension DRI3
[    26.674] (II) Initializing extension X-Resource
[    26.674] (II) Initializing extension XVideo
[    26.674] (II) Initializing extension XVideo-MotionCompensation
[    26.674] (II) Initializing extension SELinux
[    26.674] (II) SELinux: Disabled by boolean
[    26.674] (II) Initializing extension GLX
[    26.674] (II) AIGLX: Screen 0 is not DRI2 capable
[    26.693] (II) IGLX: Loaded and initialized swrast
[    26.693] (II) GLX: Initialized DRISWRAST GL provider for screen 0
[    26.693] (II) Initializing extension XFree86-VidModeExtension
[    26.693] (II) Initializing extension XFree86-DGA
[    26.693] (II) Initializing extension XFree86-DRI
[    26.693] (II) Initializing extension DRI2
[    26.693] (II) modeset(0): Damage tracking initialized
[    26.693] (II) modeset(0): Setting screen physical size to 270 x 203
[    26.799] (II) config/udev: Adding input device Power Button (/dev/input/event0)
[    26.799] (**) Power Button: Applying InputClass "evdev keyboard catchall"
[    26.799] (II) LoadModule: "evdev"
[    26.800] (II) Loading /usr/lib64/xorg/modules/input/evdev_drv.so
[    26.813] (II) Module evdev: vendor="X.Org Foundation"
[    26.813] 	compiled for 1.20.1, module version = 2.10.6
[    26.813] 	Module class: X.Org XInput Driver
[    26.813] 	ABI class: X.Org XInput driver, version 24.1
[    26.813] (II) Using input driver 'evdev' for 'Power Button'
[    26.813] (**) Power Button: always reports core events
[    26.813] (**) evdev: Power Button: Device: "/dev/input/event0"
[    26.814] (--) evdev: Power Button: Vendor 0 Product 0x1
[    26.814] (--) evdev: Power Button: Found keys
[    26.814] (II) evdev: Power Button: Configuring as keyboard
[    26.814] (**) Option "config_info" "udev:/sys/devices/LNXSYSTM:00/LNXPWRBN:00/input/input0/event0"
[    26.814] (II) XINPUT: Adding extended input device "Power Button" (type: KEYBOARD, id 6)
[    26.814] (**) Option "xkb_rules" "evdev"
[    26.814] (II) config/udev: Adding input device AT Translated Set 2 keyboard (/dev/input/event1)
[    26.814] (**) AT Translated Set 2 keyboard: Applying InputClass "evdev keyboard catchall"
[    26.814] (II) Using input driver 'evdev' for 'AT Translated Set 2 keyboard'
[    26.814] (**) AT Translated Set 2 keyboard: always reports core events
[    26.814] (**) evdev: AT Translated Set 2 keyboard: Device: "/dev/input/event1"
[    26.814] (--) evdev: AT Translated Set 2 keyboard: Vendor 0x1 Product 0x1
[    26.814] (--) evdev: AT Translated Set 2 keyboard: Found keys
[    26.814] (II) evdev: AT Translated Set 2 keyboard: Configuring as keyboard
[    26.814] (**) Option "config_info" "udev:/sys/devices/platform/i8042/serio0/input/input1/event1"
[    26.814] (II) XINPUT: Adding extended input device "AT Translated Set 2 keyboard" (type: KEYBOARD, id 7)
[    26.814] (**) Option "xkb_rules" "evdev"
[    26.815] (II) config/udev: Adding input device VirtualPS/2 VMware VMMouse (/dev/input/event2)
[    26.815] (**) VirtualPS/2 VMware VMMouse: Applying InputClass "evdev pointer catchall"
[    26.815] (II) Using input driver 'evdev' for 'VirtualPS/2 VMware VMMouse'
[    26.815] (**) VirtualPS/2 VMware VMMouse: always reports core events
[    26.815] (**) evdev: VirtualPS/2 VMware VMMouse: Device: "/dev/input/event2"
[    26.815] (--) evdev: VirtualPS/2 VMware VMMouse: Vendor 0x2 Product 0x12
[    26.815] (--) evdev: VirtualPS/2 VMware VMMouse: Found 3 mouse buttons
[    26.815] (--) evdev: VirtualPS/2 VMware VMMouse: Found absolute axes
[    26.815] (--) evdev: VirtualPS/2 VMware VMMouse: Found x and y absolute axes
[    26.815] (--) evdev: VirtualPS/2 VMware VMMouse: Found absolute touchscreen
[    26.815] (II) evdev: VirtualPS/2 VMware VMMouse: Configuring as touchscreen
[    26.815] (**) evdev: VirtualPS/2 VMware VMMouse: YAxisMapping: buttons 4 and 5
[    26.815] (**) evdev: VirtualPS/2 VMware VMMouse: EmulateWheelButton: 4, EmulateWheelInertia: 10, EmulateWheelTimeout: 200
[    26.815] (**) Option "config_info" "udev:/sys/devices/platform/i8042/serio1/input/input2/event2"
[    26.815] (II) XINPUT: Adding extended input device "VirtualPS/2 VMware VMMouse" (type: TOUCHSCREEN, id 8)
[    26.815] (II) evdev: VirtualPS/2 VMware VMMouse: initialized for absolute axes.
[    26.815] (**) VirtualPS/2 VMware VMMouse: (accel) keeping acceleration scheme 1
[    26.815] (**) VirtualPS/2 VMware VMMouse: (accel) acceleration profile 0
[    26.815] (**) VirtualPS/2 VMware VMMouse: (accel) acceleration factor: 2.000
[    26.815] (**) VirtualPS/2 VMware VMMouse: (accel) acceleration threshold: 4
[    26.816] (II) config/udev: Adding input device VirtualPS/2 VMware VMMouse (/dev/input/js0)
[    26.816] (II) No input driver specified, ignoring this device.
[    26.816] (II) This device may have been added with another device file.
[    26.816] (II) config/udev: Adding input device VirtualPS/2 VMware VMMouse (/dev/input/mouse0)
[    26.816] (II) No input driver specified, ignoring this device.
[    26.816] (II) This device may have been added with another device file.
[    26.816] (II) config/udev: Adding input device VirtualPS/2 VMware VMMouse (/dev/input/event3)
[    26.816] (**) VirtualPS/2 VMware VMMouse: Applying InputClass "evdev pointer catchall"
[    26.816] (II) Using input driver 'evdev' for 'VirtualPS/2 VMware VMMouse'
[    26.816] (**) VirtualPS/2 VMware VMMouse: always reports core events
[    26.816] (**) evdev: VirtualPS/2 VMware VMMouse: Device: "/dev/input/event3"
[    26.817] (--) evdev: VirtualPS/2 VMware VMMouse: Vendor 0x2 Product 0x12
[    26.817] (--) evdev: VirtualPS/2 VMware VMMouse: Found 3 mouse buttons
[    26.817] (--) evdev: VirtualPS/2 VMware VMMouse: Found scroll wheel(s)
[    26.817] (--) evdev: VirtualPS/2 VMware VMMouse: Found relative axes
[    26.817] (--) evdev: VirtualPS/2 VMware VMMouse: Found x and y relative axes
[    26.817] (II) evdev: VirtualPS/2 VMware VMMouse: Configuring as mouse
[    26.817] (II) evdev: VirtualPS/2 VMware VMMouse: Adding scrollwheel support
[    26.817] (**) evdev: VirtualPS/2 VMware VMMouse: YAxisMapping: buttons 4 and 5
[    26.817] (**) evdev: VirtualPS/2 VMware VMMouse: EmulateWheelButton: 4, EmulateWheelInertia: 10, EmulateWheelTimeout: 200
[    26.817] (**) Option "config_info" "udev:/sys/devices/platform/i8042/serio1/input/input3/event3"
[    26.817] (II) XINPUT: Adding extended input device "VirtualPS/2 VMware VMMouse" (type: MOUSE, id 9)
[    26.817] (II) evdev: VirtualPS/2 VMware VMMouse: initialized for relative axes.
[    26.817] (**) VirtualPS/2 VMware VMMouse: (accel) keeping acceleration scheme 1
[    26.817] (**) VirtualPS/2 VMware VMMouse: (accel) acceleration profile 0
[    26.817] (**) VirtualPS/2 VMware VMMouse: (accel) acceleration factor: 2.000
[    26.817] (**) VirtualPS/2 VMware VMMouse: (accel) acceleration threshold: 4
[    26.817] (II) config/udev: Adding input device VirtualPS/2 VMware VMMouse (/dev/input/mouse1)
[    26.817] (II) No input driver specified, ignoring this device.
[    26.817] (II) This device may have been added with another device file.
[    26.817] (II) config/udev: Adding input device PC Speaker (/dev/input/event4)
[    26.817] (II) No input driver specified, ignoring this device.
[    26.817] (II) This device may have been added with another device file.
[    27.389] (II) modeset(0): Disabling kernel dirty updates, not required.
